[2023-10-15 16:53:03] tte
2023-10-15 17:41:43,241 - INFO - [<module>:19] - test
2023-10-15 17:45:33,348 - ERROR - [<module>:152] - !!
2023-10-15 17:45:34,462 - ERROR - [<module>:152] - !!
2023-10-15 17:45:35,447 - ERROR - [<module>:152] - !!
2023-10-15 17:45:36,509 - ERROR - [<module>:152] - !!
2023-10-15 17:45:37,124 - ERROR - [<module>:152] - !!
2023-10-15 17:45:37,636 - ERROR - [<module>:152] - !!
2023-10-15 17:45:38,148 - ERROR - [<module>:152] - !!
2023-10-15 17:45:39,174 - ERROR - [<module>:152] - !!
2023-10-15 17:45:40,579 - ERROR - [<module>:152] - !!
2023-10-15 17:45:41,732 - ERROR - [<module>:152] - !!
2023-10-15 17:45:42,551 - ERROR - [<module>:152] - !!
2023-10-15 17:45:43,268 - ERROR - [<module>:152] - !!
2023-10-15 17:47:08,674 - ERROR - [<module>:152] - !!
2023-10-15 17:47:09,285 - ERROR - [<module>:152] - !!
2023-10-15 17:47:10,408 - ERROR - [<module>:152] - !!
2023-10-15 17:47:10,923 - ERROR - [<module>:152] - !!
2023-10-15 17:47:11,538 - ERROR - [<module>:152] - !!
2023-10-15 17:47:12,113 - ERROR - [<module>:152] - !!
2023-10-15 17:47:12,664 - ERROR - [<module>:152] - !!
2023-10-15 17:47:13,379 - ERROR - [<module>:152] - !!
2023-10-15 17:47:14,059 - ERROR - [<module>:152] - !!
[2023-10-15 17:48:00] !!
[2023-10-15 17:48:01] !!
[2023-10-15 17:48:02] !!
[2023-10-15 17:48:02] !!
[2023-10-15 17:48:03] !!
[2023-10-15 17:48:03] !!
[2023-10-15 17:48:04] !!
[2023-10-15 17:48:04] !!
[2023-10-15 17:48:05] !!
[2023-10-15 17:48:06] !!
2023-10-15 17:56:18 - ERROR - [<module>:152] - 에러에러에러!!
2023-10-15 17:56:19 - ERROR - [<module>:152] - 에러에러에러!!
2023-10-15 17:56:19 - ERROR - [<module>:152] - 에러에러에러!!
2023-10-15 17:56:20 - ERROR - [<module>:152] - 에러에러에러!!
2023-10-15 17:56:20 - ERROR - [<module>:152] - 에러에러에러!!
2023-10-15 17:56:21 - ERROR - [<module>:152] - 에러에러에러!!
2023-10-15 17:56:21 - ERROR - [<module>:152] - 에러에러에러!!
2023-10-15 17:56:22 - ERROR - [<module>:152] - 에러에러에러!!
2023-10-15 17:56:23 - ERROR - [<module>:152] - 에러에러에러!!
2023-10-15 17:56:23 - ERROR - [<module>:152] - 에러에러에러!!
2023-10-15 17:56:24 - ERROR - [<module>:152] - 에러에러에러!!
2023-10-15 17:56:25 - ERROR - [<module>:152] - 에러에러에러!!
2023-10-15 17:56:25 - ERROR - [<module>:152] - 에러에러에러!!
