2023-11-01 00:10:55 - INFO - [<module>:17] - ======================Start the program. Let's be rich======================
2023-11-01 00:10:55 - INFO - [initTrgtStockList:85] - 세틀뱅크[234340]
2023-11-01 00:10:56 - INFO - [initTrgtStockList:85] - 하이닉스[000660]
2023-11-01 00:10:56 - INFO - [initTrgtStockList:85] - 현대자동차[005380]
2023-11-01 00:10:57 - INFO - [initTrgtStockList:85] - 카카오[035720]
2023-11-01 00:10:57 - INFO - [initTrgtStockList:85] - 나이스정보통신[036800]
2023-11-01 00:10:57 - INFO - [initTrgtStockList:85] - LG전자[066570]
2023-11-01 00:10:58 - INFO - [initTrgtStockList:85] - LG유플러스[032640]
2023-11-01 00:10:58 - INFO - [initTrgtStockList:85] - 한화[000880]
2023-11-01 00:10:59 - INFO - [initTrgtStockList:85] - 롯데정보통신[286940]
2023-11-01 00:10:59 - INFO - [initTrgtStockList:85] - CJ CGV[079160]
2023-11-01 00:11:00 - INFO - [initTrgtStockList:85] - 현대백화점[069960]
2023-11-01 00:11:00 - INFO - [initTrgtStockList:85] - 롯데지주[004990]
2023-11-01 00:11:00 - INFO - [initTrgtStockList:85] - 롯데지주[004990]
2023-11-01 00:11:01 - INFO - [initTrgtStockList:85] - 삼천리[004690]
2023-11-01 00:11:01 - INFO - [initTrgtStockList:85] - 대한항공[003490]
2023-11-01 00:11:02 - INFO - [initTrgtStockList:85] - 네이버[035420]
2023-11-01 00:11:02 - INFO - [initTrgtStockList:85] - 두산로보틱스[454910]
2023-11-01 00:11:46 - INFO - [<module>:17] - ======================Start the program. Let's be rich======================
2023-11-01 00:11:46 - INFO - [initTrgtStockList:85] - 세틀뱅크[234340]
2023-11-01 00:11:47 - INFO - [initTrgtStockList:85] - 하이닉스[000660]
2023-11-01 00:11:47 - INFO - [initTrgtStockList:85] - 현대자동차[005380]
2023-11-01 00:11:48 - INFO - [initTrgtStockList:85] - 카카오[035720]
2023-11-01 00:11:48 - INFO - [initTrgtStockList:85] - 나이스정보통신[036800]
2023-11-01 00:11:48 - INFO - [initTrgtStockList:85] - LG전자[066570]
2023-11-01 00:11:49 - INFO - [initTrgtStockList:85] - LG유플러스[032640]
2023-11-01 00:11:49 - INFO - [initTrgtStockList:85] - 한화[000880]
2023-11-01 00:11:50 - INFO - [initTrgtStockList:85] - 롯데정보통신[286940]
2023-11-01 00:11:50 - INFO - [initTrgtStockList:85] - CJ CGV[079160]
2023-11-01 00:11:51 - INFO - [initTrgtStockList:85] - 현대백화점[069960]
2023-11-01 00:11:51 - INFO - [initTrgtStockList:85] - 롯데지주[004990]
2023-11-01 00:11:52 - INFO - [initTrgtStockList:85] - 롯데지주[004990]
2023-11-01 00:11:52 - INFO - [initTrgtStockList:85] - 삼천리[004690]
2023-11-01 00:11:52 - INFO - [initTrgtStockList:85] - 대한항공[003490]
2023-11-01 00:11:53 - INFO - [initTrgtStockList:85] - 네이버[035420]
2023-11-01 00:11:53 - INFO - [initTrgtStockList:85] - 두산로보틱스[454910]
2023-11-01 00:12:36 - INFO - [<module>:17] - ======================Start the program. Let's be rich======================
2023-11-01 00:12:36 - INFO - [initTrgtStockList:85] - 세틀뱅크[234340]
2023-11-01 00:12:37 - INFO - [initTrgtStockList:85] - 하이닉스[000660]
2023-11-01 00:12:37 - INFO - [initTrgtStockList:85] - 현대자동차[005380]
2023-11-01 00:12:38 - INFO - [initTrgtStockList:85] - 카카오[035720]
2023-11-01 00:12:38 - INFO - [initTrgtStockList:85] - 나이스정보통신[036800]
2023-11-01 00:12:38 - INFO - [initTrgtStockList:85] - LG전자[066570]
2023-11-01 00:12:39 - INFO - [initTrgtStockList:85] - LG유플러스[032640]
2023-11-01 00:12:39 - INFO - [initTrgtStockList:85] - 한화[000880]
2023-11-01 00:12:40 - INFO - [initTrgtStockList:85] - 두산로보틱스[454910]
2023-11-01 00:13:25 - INFO - [<module>:17] - ======================Start the program. Let's be rich======================
2023-11-01 00:13:25 - INFO - [initTrgtStockList:85] - 세틀뱅크[234340]
2023-11-01 00:13:25 - INFO - [initTrgtStockList:85] - 하이닉스[000660]
2023-11-01 00:13:26 - INFO - [initTrgtStockList:85] - 현대자동차[005380]
2023-11-01 00:13:26 - INFO - [initTrgtStockList:85] - 카카오[035720]
2023-11-01 00:13:26 - INFO - [initTrgtStockList:85] - 나이스정보통신[036800]
2023-11-01 00:13:27 - INFO - [initTrgtStockList:85] - LG전자[066570]
2023-11-01 00:13:27 - INFO - [initTrgtStockList:85] - LG유플러스[032640]
2023-11-01 00:13:28 - INFO - [initTrgtStockList:85] - 한화[000880]
2023-11-01 00:13:28 - INFO - [initTrgtStockList:85] - 두산로보틱스[454910]
2023-11-01 00:14:32 - INFO - [<module>:17] - ======================Start the program. Let's be rich======================
2023-11-01 00:14:32 - INFO - [initTrgtStockList:85] - 세틀뱅크[234340]
2023-11-01 00:14:32 - INFO - [initTrgtStockList:85] - 하이닉스[000660]
2023-11-01 00:14:33 - INFO - [initTrgtStockList:85] - 현대자동차[005380]
2023-11-01 00:14:33 - INFO - [initTrgtStockList:85] - 카카오[035720]
2023-11-01 00:14:33 - INFO - [initTrgtStockList:85] - 나이스정보통신[036800]
2023-11-01 00:14:34 - INFO - [initTrgtStockList:85] - LG전자[066570]
2023-11-01 00:14:34 - INFO - [initTrgtStockList:85] - LG유플러스[032640]
2023-11-01 00:14:35 - INFO - [initTrgtStockList:85] - 한화[000880]
2023-11-01 00:14:35 - INFO - [initTrgtStockList:85] - 두산로보틱스[454910]
2023-11-01 00:15:22 - INFO - [<module>:17] - ======================Start the program. Let's be rich======================
2023-11-01 00:15:22 - INFO - [initTrgtStockList:85] - 세틀뱅크[234340]
2023-11-01 00:15:23 - INFO - [initTrgtStockList:85] - 하이닉스[000660]
2023-11-01 00:15:23 - INFO - [initTrgtStockList:85] - 현대자동차[005380]
2023-11-01 00:15:23 - INFO - [initTrgtStockList:85] - 카카오[035720]
2023-11-01 00:15:24 - INFO - [initTrgtStockList:85] - 나이스정보통신[036800]
2023-11-01 00:15:24 - INFO - [initTrgtStockList:85] - LG전자[066570]
2023-11-01 00:15:24 - INFO - [initTrgtStockList:85] - LG유플러스[032640]
2023-11-01 00:15:25 - INFO - [initTrgtStockList:85] - 한화[000880]
2023-11-01 00:15:25 - INFO - [initTrgtStockList:85] - 두산로보틱스[454910]
2023-11-01 00:15:39 - INFO - [<module>:17] - ======================Start the program. Let's be rich======================
2023-11-01 00:15:39 - INFO - [initTrgtStockList:85] - 세틀뱅크[234340]
2023-11-01 00:15:39 - INFO - [initTrgtStockList:85] - 하이닉스[000660]
2023-11-01 00:15:40 - INFO - [initTrgtStockList:85] - 현대자동차[005380]
2023-11-01 00:15:40 - INFO - [initTrgtStockList:85] - 카카오[035720]
2023-11-01 00:15:40 - INFO - [initTrgtStockList:85] - 나이스정보통신[036800]
2023-11-01 00:15:41 - INFO - [initTrgtStockList:85] - LG전자[066570]
2023-11-01 00:15:41 - INFO - [initTrgtStockList:85] - LG유플러스[032640]
2023-11-01 00:15:42 - INFO - [initTrgtStockList:85] - 한화[000880]
2023-11-01 00:15:42 - INFO - [initTrgtStockList:85] - 두산로보틱스[454910]
2023-11-01 00:16:10 - INFO - [<module>:17] - ======================Start the program. Let's be rich======================
2023-11-01 00:16:11 - INFO - [initTrgtStockList:85] - 세틀뱅크[234340]
2023-11-01 00:16:11 - INFO - [initTrgtStockList:85] - 하이닉스[000660]
2023-11-01 00:16:11 - INFO - [initTrgtStockList:85] - 현대자동차[005380]
2023-11-01 00:16:12 - INFO - [initTrgtStockList:85] - 카카오[035720]
2023-11-01 00:16:12 - INFO - [initTrgtStockList:85] - 나이스정보통신[036800]
2023-11-01 00:16:13 - INFO - [initTrgtStockList:85] - LG전자[066570]
2023-11-01 00:16:13 - INFO - [initTrgtStockList:85] - LG유플러스[032640]
2023-11-01 00:16:14 - INFO - [initTrgtStockList:85] - 한화[000880]
2023-11-01 00:16:14 - INFO - [initTrgtStockList:85] - 두산로보틱스[454910]
2023-11-01 00:17:33 - INFO - [<module>:17] - ======================Start the program. Let's be rich======================
2023-11-01 00:17:33 - INFO - [initTrgtStockList:85] - 세틀뱅크[234340]
2023-11-01 00:17:33 - INFO - [initTrgtStockList:85] - 하이닉스[000660]
2023-11-01 00:17:33 - INFO - [initTrgtStockList:85] - 현대자동차[005380]
2023-11-01 00:17:34 - INFO - [initTrgtStockList:85] - 카카오[035720]
2023-11-01 00:17:34 - INFO - [initTrgtStockList:85] - 나이스정보통신[036800]
2023-11-01 00:17:35 - INFO - [initTrgtStockList:85] - LG전자[066570]
2023-11-01 00:17:35 - INFO - [initTrgtStockList:85] - LG유플러스[032640]
2023-11-01 00:17:36 - INFO - [initTrgtStockList:85] - 한화[000880]
2023-11-01 00:17:36 - INFO - [initTrgtStockList:85] - 두산로보틱스[454910]
2023-11-01 00:18:58 - INFO - [<module>:17] - ======================Start the program. Let's be rich======================
2023-11-01 00:18:58 - INFO - [initTrgtStockList:85] - 세틀뱅크[234340]
2023-11-01 00:18:58 - INFO - [initTrgtStockList:85] - 하이닉스[000660]
2023-11-01 00:18:59 - INFO - [initTrgtStockList:85] - 현대자동차[005380]
2023-11-01 00:19:00 - INFO - [initTrgtStockList:85] - 카카오[035720]
2023-11-01 00:19:00 - INFO - [initTrgtStockList:85] - 나이스정보통신[036800]
2023-11-01 00:19:01 - INFO - [initTrgtStockList:85] - LG전자[066570]
2023-11-01 00:19:01 - INFO - [initTrgtStockList:85] - LG유플러스[032640]
2023-11-01 00:19:02 - INFO - [initTrgtStockList:85] - 한화[000880]
2023-11-01 00:19:02 - INFO - [initTrgtStockList:85] - 두산로보틱스[454910]
2023-11-01 00:19:05 - ERROR - [<module>:142] - ("name 't_now' is not defined",)
2023-11-01 00:19:05 - ERROR - [<module>:142] - ("name 't_now' is not defined",)
2023-11-01 00:19:06 - ERROR - [<module>:142] - ("name 't_now' is not defined",)
2023-11-01 00:19:06 - ERROR - [<module>:142] - ("name 't_now' is not defined",)
2023-11-01 00:19:07 - ERROR - [<module>:142] - ("name 't_now' is not defined",)
2023-11-01 00:19:08 - ERROR - [<module>:142] - ("name 't_now' is not defined",)
2023-11-01 00:19:08 - ERROR - [<module>:142] - ("name 't_now' is not defined",)
2023-11-01 00:19:08 - ERROR - [<module>:142] - ("name 't_now' is not defined",)
2023-11-01 00:19:09 - ERROR - [<module>:142] - ("name 't_now' is not defined",)
2023-11-01 00:19:09 - ERROR - [<module>:142] - ("name 't_now' is not defined",)
2023-11-01 00:19:10 - ERROR - [<module>:142] - ("name 't_now' is not defined",)
2023-11-01 00:19:10 - ERROR - [<module>:142] - ("name 't_now' is not defined",)
2023-11-01 00:19:10 - ERROR - [<module>:142] - ("name 't_now' is not defined",)
2023-11-01 00:19:11 - ERROR - [<module>:142] - ("name 't_now' is not defined",)
2023-11-01 00:19:11 - ERROR - [<module>:142] - ("name 't_now' is not defined",)
2023-11-01 00:19:12 - ERROR - [<module>:142] - ("name 't_now' is not defined",)
2023-11-01 00:19:12 - ERROR - [<module>:142] - ("name 't_now' is not defined",)
2023-11-01 00:19:59 - INFO - [<module>:17] - ======================Start the program. Let's be rich======================
2023-11-01 00:19:59 - INFO - [initTrgtStockList:85] - 세틀뱅크[234340]
2023-11-01 00:19:59 - INFO - [initTrgtStockList:85] - 하이닉스[000660]
2023-11-01 00:20:00 - INFO - [initTrgtStockList:85] - 현대자동차[005380]
2023-11-01 00:20:00 - INFO - [initTrgtStockList:85] - 카카오[035720]
2023-11-01 00:20:00 - INFO - [initTrgtStockList:85] - 나이스정보통신[036800]
2023-11-01 00:20:01 - INFO - [initTrgtStockList:85] - LG전자[066570]
2023-11-01 00:20:01 - INFO - [initTrgtStockList:85] - LG유플러스[032640]
2023-11-01 00:20:02 - INFO - [initTrgtStockList:85] - 한화[000880]
2023-11-01 00:20:02 - INFO - [initTrgtStockList:85] - 두산로보틱스[454910]
2023-11-01 00:21:14 - INFO - [<module>:17] - ======================Start the program. Let's be rich======================
2023-11-01 00:21:14 - INFO - [initTrgtStockList:85] - 세틀뱅크[234340]
2023-11-01 00:21:15 - INFO - [initTrgtStockList:85] - 하이닉스[000660]
2023-11-01 00:21:15 - INFO - [initTrgtStockList:85] - 현대자동차[005380]
2023-11-01 00:21:15 - INFO - [initTrgtStockList:85] - 카카오[035720]
2023-11-01 00:21:16 - INFO - [initTrgtStockList:85] - 나이스정보통신[036800]
2023-11-01 00:21:16 - INFO - [initTrgtStockList:85] - LG전자[066570]
2023-11-01 00:21:17 - INFO - [initTrgtStockList:85] - LG유플러스[032640]
2023-11-01 00:21:17 - INFO - [initTrgtStockList:85] - 한화[000880]
2023-11-01 00:21:18 - INFO - [initTrgtStockList:85] - 두산로보틱스[454910]
2023-11-01 00:21:50 - INFO - [<module>:17] - ======================Start the program. Let's be rich======================
2023-11-01 00:21:50 - INFO - [initTrgtStockList:85] - 세틀뱅크[234340]
2023-11-01 00:21:51 - INFO - [initTrgtStockList:85] - 하이닉스[000660]
2023-11-01 00:21:51 - INFO - [initTrgtStockList:85] - 현대자동차[005380]
2023-11-01 00:21:51 - INFO - [initTrgtStockList:85] - 카카오[035720]
2023-11-01 00:21:52 - INFO - [initTrgtStockList:85] - 나이스정보통신[036800]
2023-11-01 00:21:52 - INFO - [initTrgtStockList:85] - LG전자[066570]
2023-11-01 00:21:53 - INFO - [initTrgtStockList:85] - LG유플러스[032640]
2023-11-01 00:21:53 - INFO - [initTrgtStockList:85] - 한화[000880]
2023-11-01 00:21:54 - INFO - [initTrgtStockList:85] - 두산로보틱스[454910]
2023-11-01 00:27:45 - INFO - [<module>:17] - ======================Start the program. Let's be rich======================
2023-11-01 00:27:45 - INFO - [initTrgtStockList:85] - 세틀뱅크[234340]
2023-11-01 00:27:46 - INFO - [initTrgtStockList:85] - 하이닉스[000660]
2023-11-01 00:27:46 - INFO - [initTrgtStockList:85] - 현대자동차[005380]
2023-11-01 00:27:47 - INFO - [initTrgtStockList:85] - 카카오[035720]
2023-11-01 00:27:47 - INFO - [initTrgtStockList:85] - 나이스정보통신[036800]
2023-11-01 00:27:48 - INFO - [initTrgtStockList:85] - LG전자[066570]
2023-11-01 00:27:48 - INFO - [initTrgtStockList:85] - LG유플러스[032640]
2023-11-01 00:27:48 - INFO - [initTrgtStockList:85] - 한화[000880]
2023-11-01 00:27:49 - INFO - [initTrgtStockList:85] - 두산로보틱스[454910]
2023-11-01 00:29:57 - INFO - [<module>:17] - ======================Start the program. Let's be rich======================
2023-11-01 00:29:57 - INFO - [initTrgtStockList:85] - 세틀뱅크[234340]
2023-11-01 00:29:57 - INFO - [initTrgtStockList:85] - 하이닉스[000660]
2023-11-01 00:29:58 - INFO - [initTrgtStockList:85] - 현대자동차[005380]
2023-11-01 00:29:58 - INFO - [initTrgtStockList:85] - 카카오[035720]
2023-11-01 00:29:59 - INFO - [initTrgtStockList:85] - 나이스정보통신[036800]
2023-11-01 00:29:59 - INFO - [initTrgtStockList:85] - LG전자[066570]
2023-11-01 00:30:00 - INFO - [initTrgtStockList:85] - LG유플러스[032640]
2023-11-01 00:30:00 - INFO - [initTrgtStockList:85] - 한화[000880]
2023-11-01 00:30:01 - INFO - [initTrgtStockList:85] - 롯데정보통신[286940]
2023-11-01 00:30:01 - INFO - [initTrgtStockList:85] - CJ CGV[079160]
2023-11-01 00:30:02 - INFO - [initTrgtStockList:85] - 현대백화점[069960]
2023-11-01 00:30:02 - INFO - [initTrgtStockList:85] - 롯데지주[004990]
2023-11-01 00:30:03 - INFO - [initTrgtStockList:85] - 롯데지주[004990]
2023-11-01 00:30:03 - INFO - [initTrgtStockList:85] - 삼천리[004690]
2023-11-01 00:30:03 - INFO - [initTrgtStockList:85] - 대한항공[003490]
2023-11-01 00:30:04 - INFO - [initTrgtStockList:85] - 네이버[035420]
2023-11-01 00:30:04 - INFO - [initTrgtStockList:85] - 두산로보틱스[454910]
