2023-11-25 14:50:28 - INFO - [<module>:28] - ======================Start the program. Let's be rich======================
2023-11-25 14:50:30 - INFO - [init_trgt_stock_list:122] - 팅크웨어[084730]
2023-11-25 14:50:30 - INFO - [init_trgt_stock_list:122] - 아톤[158430]
2023-11-25 14:50:31 - INFO - [init_trgt_stock_list:122] - 가온칩스[399720]
2023-11-25 14:50:31 - INFO - [init_trgt_stock_list:122] - 하이비젼시스템[126700]
2023-11-25 14:50:32 - INFO - [init_trgt_stock_list:122] - 다원시스[068240]
2023-11-25 14:50:32 - INFO - [init_trgt_stock_list:122] - 밀리의서재[418470]
2023-11-25 14:50:32 - INFO - [init_trgt_stock_list:122] - 세틀뱅크[234340]
2023-11-25 14:50:33 - INFO - [init_trgt_stock_list:122] - 하이닉스[000660]
2023-11-25 14:50:33 - INFO - [init_trgt_stock_list:122] - 카카오[035720]
2023-11-25 15:04:06 - INFO - [<module>:28] - ======================Start the program. Let's be rich======================
2023-11-25 15:04:37 - INFO - [<module>:28] - ======================Start the program. Let's be rich======================
2023-11-25 15:04:51 - INFO - [<module>:28] - ======================Start the program. Let's be rich======================
2023-11-25 15:04:53 - INFO - [<module>:28] - ======================Start the program. Let's be rich======================
2023-11-25 15:05:15 - INFO - [<module>:28] - ======================Start the program. Let's be rich======================
2023-11-25 15:06:10 - INFO - [<module>:28] - ======================Start the program. Let's be rich======================
2023-11-25 15:07:04 - INFO - [<module>:28] - ======================Start the program. Let's be rich======================
2023-11-25 15:07:05 - INFO - [init_trgt_stock_list:115] - 팅크웨어[084730]
2023-11-25 15:07:06 - INFO - [init_trgt_stock_list:115] - 아톤[158430]
2023-11-25 15:07:06 - INFO - [init_trgt_stock_list:115] - 가온칩스[399720]
2023-11-25 15:07:07 - INFO - [init_trgt_stock_list:115] - 하이비젼시스템[126700]
2023-11-25 15:07:07 - INFO - [init_trgt_stock_list:115] - 다원시스[068240]
2023-11-25 15:07:07 - INFO - [init_trgt_stock_list:115] - 밀리의서재[418470]
2023-11-25 15:07:08 - INFO - [init_trgt_stock_list:115] - 세틀뱅크[234340]
2023-11-25 15:07:08 - INFO - [init_trgt_stock_list:115] - 하이닉스[000660]
2023-11-25 15:07:09 - INFO - [init_trgt_stock_list:115] - 카카오[035720]
2023-11-25 15:07:09 - INFO - [init_trgt_stock_list:115] - 나이스정보통신[036800]
2023-11-25 15:07:51 - INFO - [<module>:28] - ======================Start the program. Let's be rich======================
2023-11-25 15:09:54 - INFO - [<module>:28] - ======================Start the program. Let's be rich======================
2023-11-25 15:09:55 - INFO - [init_trgt_stock_list:115] - 팅크웨어[084730]
2023-11-25 15:09:55 - INFO - [init_trgt_stock_list:115] - 아톤[158430]
2023-11-25 15:09:56 - INFO - [init_trgt_stock_list:115] - 가온칩스[399720]
2023-11-25 15:09:56 - INFO - [init_trgt_stock_list:115] - 하이비젼시스템[126700]
2023-11-25 15:09:57 - INFO - [init_trgt_stock_list:115] - 다원시스[068240]
2023-11-25 15:10:40 - INFO - [<module>:28] - ======================Start the program. Let's be rich======================
2023-11-25 15:10:52 - INFO - [<module>:28] - ======================Start the program. Let's be rich======================
2023-11-25 15:10:55 - INFO - [init_trgt_stock_list:115] - 팅크웨어[084730]
2023-11-25 15:10:55 - INFO - [init_trgt_stock_list:115] - 아톤[158430]
2023-11-25 15:10:55 - INFO - [init_trgt_stock_list:115] - 가온칩스[399720]
2023-11-25 15:10:56 - INFO - [init_trgt_stock_list:115] - 하이비젼시스템[126700]
2023-11-25 15:10:56 - INFO - [init_trgt_stock_list:115] - 다원시스[068240]
2023-11-25 15:11:21 - INFO - [<module>:28] - ======================Start the program. Let's be rich======================
2023-11-25 15:11:30 - INFO - [<module>:28] - ======================Start the program. Let's be rich======================
