2023-11-05 21:11:36 - INFO - [<module>:17] - ======================Start the program. Let's be rich======================
2023-11-05 21:11:36 - INFO - [initTrgtStockList:93] - 세틀뱅크[234340]
2023-11-05 21:11:36 - INFO - [initTrgtStockList:93] - 하이닉스[000660]
2023-11-05 21:11:37 - INFO - [initTrgtStockList:93] - 현대자동차[005380]
2023-11-05 21:11:37 - INFO - [initTrgtStockList:93] - 카카오[035720]
2023-11-05 21:11:38 - INFO - [initTrgtStockList:93] - 나이스정보통신[036800]
2023-11-05 21:11:38 - INFO - [initTrgtStockList:93] - LG전자[066570]
2023-11-05 21:11:39 - INFO - [initTrgtStockList:93] - LG유플러스[032640]
2023-11-05 21:11:39 - INFO - [initTrgtStockList:93] - 한화[000880]
2023-11-05 21:11:40 - INFO - [initTrgtStockList:93] - 롯데정보통신[286940]
2023-11-05 21:11:40 - INFO - [initTrgtStockList:93] - CJ CGV[079160]
2023-11-05 21:11:40 - INFO - [initTrgtStockList:93] - 현대백화점[069960]
2023-11-05 21:11:41 - INFO - [initTrgtStockList:93] - 롯데지주[004990]
2023-11-05 21:11:41 - INFO - [initTrgtStockList:93] - 롯데지주[004990]
2023-11-05 21:11:42 - INFO - [initTrgtStockList:93] - 삼천리[004690]
2023-11-05 21:11:42 - INFO - [initTrgtStockList:93] - 대한항공[003490]
2023-11-05 21:11:43 - INFO - [initTrgtStockList:93] - 네이버[035420]
2023-11-05 21:11:43 - INFO - [initTrgtStockList:93] - 두산로보틱스[454910]
2023-11-05 21:11:44 - INFO - [reportCurStockInfo:129] - =====reportCurStockInfo START =====
2023-11-05 21:11:44 - INFO - [reportCurStockInfo:146] - =====reportCurStockInfo END =====
2023-11-05 21:11:44 - INFO - [reportCurStockInfo:129] - =====reportCurStockInfo START =====
2023-11-05 21:11:45 - INFO - [reportCurStockInfo:146] - =====reportCurStockInfo END =====
