2023-11-13 07:39:36 - INFO - [<module>:16] - ======================Start the program. Let's be rich======================
2023-11-13 07:40:21 - INFO - [<module>:16] - ======================Start the program. Let's be rich======================
2023-11-13 10:43:41 - INFO - [<module>:16] - ======================Start the program. Let's be rich======================
2023-11-13 10:43:42 - INFO - [init_trgt_stock_list:95] - 세틀뱅크[234340]
2023-11-13 10:43:42 - INFO - [init_trgt_stock_list:118] - 오늘 시가: 14400
2023-11-13 10:43:42 - INFO - [init_trgt_stock_list:119] - 전일 고가: 14360
2023-11-13 10:43:42 - INFO - [init_trgt_stock_list:120] - 전일 저가: 14140
2023-11-13 10:43:42 - INFO - [init_trgt_stock_list:121] - 전일 종가: 14270
2023-11-13 10:43:42 - INFO - [init_trgt_stock_list:122] - 매수 목표가:    14544
2023-11-13 10:43:42 - INFO - [init_trgt_stock_list:123] - 매도 목표가:    14834
2023-11-13 10:43:42 - INFO - [init_trgt_stock_list:95] - 하이닉스[000660]
2023-11-13 10:43:42 - INFO - [init_trgt_stock_list:118] - 오늘 시가: 133000
2023-11-13 10:43:42 - INFO - [init_trgt_stock_list:119] - 전일 고가: 130800
2023-11-13 10:43:42 - INFO - [init_trgt_stock_list:120] - 전일 저가: 127000
2023-11-13 10:43:42 - INFO - [init_trgt_stock_list:121] - 전일 종가: 130500
2023-11-13 10:43:42 - INFO - [init_trgt_stock_list:122] - 매수 목표가:    134330
2023-11-13 10:43:42 - INFO - [init_trgt_stock_list:123] - 매도 목표가:    137016
2023-11-13 10:43:43 - INFO - [init_trgt_stock_list:95] - 카카오[035720]
2023-11-13 10:43:43 - INFO - [init_trgt_stock_list:118] - 오늘 시가: 45800
2023-11-13 10:43:43 - INFO - [init_trgt_stock_list:119] - 전일 고가: 46100
2023-11-13 10:43:43 - INFO - [init_trgt_stock_list:120] - 전일 저가: 45000
2023-11-13 10:43:43 - INFO - [init_trgt_stock_list:121] - 전일 종가: 45650
2023-11-13 10:43:43 - INFO - [init_trgt_stock_list:122] - 매수 목표가:    46258
2023-11-13 10:43:43 - INFO - [init_trgt_stock_list:123] - 매도 목표가:    47183
2023-11-13 10:43:43 - INFO - [init_trgt_stock_list:95] - 나이스정보통신[036800]
2023-11-13 10:43:43 - INFO - [init_trgt_stock_list:118] - 오늘 시가: 20500
2023-11-13 10:43:43 - INFO - [init_trgt_stock_list:119] - 전일 고가: 20650
2023-11-13 10:43:43 - INFO - [init_trgt_stock_list:120] - 전일 저가: 20000
2023-11-13 10:43:43 - INFO - [init_trgt_stock_list:121] - 전일 종가: 20550
2023-11-13 10:43:43 - INFO - [init_trgt_stock_list:122] - 매수 목표가:    20705
2023-11-13 10:43:43 - INFO - [init_trgt_stock_list:123] - 매도 목표가:    21119
2023-11-13 10:43:44 - INFO - [init_trgt_stock_list:95] - LG전자[066570]
2023-11-13 10:43:44 - INFO - [init_trgt_stock_list:118] - 오늘 시가: 105100
2023-11-13 10:43:44 - INFO - [init_trgt_stock_list:119] - 전일 고가: 104200
2023-11-13 10:43:44 - INFO - [init_trgt_stock_list:120] - 전일 저가: 102100
2023-11-13 10:43:44 - INFO - [init_trgt_stock_list:121] - 전일 종가: 103700
2023-11-13 10:43:44 - INFO - [init_trgt_stock_list:122] - 매수 목표가:    106151
2023-11-13 10:43:44 - INFO - [init_trgt_stock_list:123] - 매도 목표가:    108274
2023-11-13 10:43:44 - INFO - [init_trgt_stock_list:95] - LG유플러스[032640]
2023-11-13 10:43:44 - INFO - [init_trgt_stock_list:118] - 오늘 시가: 10370
2023-11-13 10:43:44 - INFO - [init_trgt_stock_list:119] - 전일 고가: 10380
2023-11-13 10:43:44 - INFO - [init_trgt_stock_list:120] - 전일 저가: 10290
2023-11-13 10:43:44 - INFO - [init_trgt_stock_list:121] - 전일 종가: 10300
2023-11-13 10:43:44 - INFO - [init_trgt_stock_list:122] - 매수 목표가:    10473
2023-11-13 10:43:44 - INFO - [init_trgt_stock_list:123] - 매도 목표가:    10682
2023-11-13 10:43:45 - INFO - [init_trgt_stock_list:95] - 한화[000880]
2023-11-13 10:43:45 - INFO - [init_trgt_stock_list:118] - 오늘 시가: 24300
2023-11-13 10:43:45 - INFO - [init_trgt_stock_list:119] - 전일 고가: 24300
2023-11-13 10:43:45 - INFO - [init_trgt_stock_list:120] - 전일 저가: 23800
2023-11-13 10:43:45 - INFO - [init_trgt_stock_list:121] - 전일 종가: 24200
2023-11-13 10:43:45 - INFO - [init_trgt_stock_list:122] - 매수 목표가:    24543
2023-11-13 10:43:45 - INFO - [init_trgt_stock_list:123] - 매도 목표가:    25033
2023-11-13 10:43:45 - INFO - [init_trgt_stock_list:95] - 현대자동차[005380]
2023-11-13 10:43:45 - INFO - [init_trgt_stock_list:118] - 오늘 시가: 175000
2023-11-13 10:43:45 - INFO - [init_trgt_stock_list:119] - 전일 고가: 175300
2023-11-13 10:43:45 - INFO - [init_trgt_stock_list:120] - 전일 저가: 173500
2023-11-13 10:43:45 - INFO - [init_trgt_stock_list:121] - 전일 종가: 173700
2023-11-13 10:43:45 - INFO - [init_trgt_stock_list:122] - 매수 목표가:    176750
2023-11-13 10:43:45 - INFO - [init_trgt_stock_list:123] - 매도 목표가:    180285
2023-11-13 10:43:45 - INFO - [init_trgt_stock_list:95] - 롯데정보통신[286940]
2023-11-13 10:43:45 - INFO - [init_trgt_stock_list:118] - 오늘 시가: 27850
2023-11-13 10:43:45 - INFO - [init_trgt_stock_list:119] - 전일 고가: 28150
2023-11-13 10:43:45 - INFO - [init_trgt_stock_list:120] - 전일 저가: 27500
2023-11-13 10:43:45 - INFO - [init_trgt_stock_list:121] - 전일 종가: 28000
2023-11-13 10:43:45 - INFO - [init_trgt_stock_list:122] - 매수 목표가:    28128
2023-11-13 10:43:45 - INFO - [init_trgt_stock_list:123] - 매도 목표가:    28690
2023-11-13 10:43:46 - INFO - [init_trgt_stock_list:95] - CJ CGV[079160]
2023-11-13 10:43:46 - INFO - [init_trgt_stock_list:118] - 오늘 시가: 5640
2023-11-13 10:43:46 - INFO - [init_trgt_stock_list:119] - 전일 고가: 5620
2023-11-13 10:43:46 - INFO - [init_trgt_stock_list:120] - 전일 저가: 5500
2023-11-13 10:43:46 - INFO - [init_trgt_stock_list:121] - 전일 종가: 5540
2023-11-13 10:43:46 - INFO - [init_trgt_stock_list:122] - 매수 목표가:    5696
2023-11-13 10:43:46 - INFO - [init_trgt_stock_list:123] - 매도 목표가:    5809
2023-11-13 10:43:46 - INFO - [init_trgt_stock_list:95] - 현대백화점[069960]
2023-11-13 10:43:46 - INFO - [init_trgt_stock_list:118] - 오늘 시가: 51500
2023-11-13 10:43:46 - INFO - [init_trgt_stock_list:119] - 전일 고가: 51700
2023-11-13 10:43:46 - INFO - [init_trgt_stock_list:120] - 전일 저가: 50500
2023-11-13 10:43:46 - INFO - [init_trgt_stock_list:121] - 전일 종가: 51000
2023-11-13 10:43:46 - INFO - [init_trgt_stock_list:122] - 매수 목표가:    52015
2023-11-13 10:43:46 - INFO - [init_trgt_stock_list:123] - 매도 목표가:    53055
2023-11-13 10:43:47 - INFO - [init_trgt_stock_list:95] - 롯데지주[004990]
2023-11-13 10:43:47 - INFO - [init_trgt_stock_list:118] - 오늘 시가: 29250
2023-11-13 10:43:47 - INFO - [init_trgt_stock_list:119] - 전일 고가: 29250
2023-11-13 10:43:47 - INFO - [init_trgt_stock_list:120] - 전일 저가: 27750
2023-11-13 10:43:47 - INFO - [init_trgt_stock_list:121] - 전일 종가: 29150
2023-11-13 10:43:47 - INFO - [init_trgt_stock_list:122] - 매수 목표가:    29542
2023-11-13 10:43:47 - INFO - [init_trgt_stock_list:123] - 매도 목표가:    30132
2023-11-13 10:43:47 - INFO - [init_trgt_stock_list:95] - 삼천리[004690]
2023-11-13 10:43:47 - INFO - [init_trgt_stock_list:118] - 오늘 시가: 93000
2023-11-13 10:43:47 - INFO - [init_trgt_stock_list:119] - 전일 고가: 92800
2023-11-13 10:43:47 - INFO - [init_trgt_stock_list:120] - 전일 저가: 91900
2023-11-13 10:43:47 - INFO - [init_trgt_stock_list:121] - 전일 종가: 92800
2023-11-13 10:43:47 - INFO - [init_trgt_stock_list:122] - 매수 목표가:    93930
2023-11-13 10:43:47 - INFO - [init_trgt_stock_list:123] - 매도 목표가:    95808
2023-11-13 10:43:47 - INFO - [init_trgt_stock_list:95] - 대한항공[003490]
2023-11-13 10:43:47 - INFO - [init_trgt_stock_list:118] - 오늘 시가: 21300
2023-11-13 10:43:47 - INFO - [init_trgt_stock_list:119] - 전일 고가: 21550
2023-11-13 10:43:47 - INFO - [init_trgt_stock_list:120] - 전일 저가: 21200
2023-11-13 10:43:47 - INFO - [init_trgt_stock_list:121] - 전일 종가: 21300
2023-11-13 10:43:47 - INFO - [init_trgt_stock_list:122] - 매수 목표가:    21513
2023-11-13 10:43:47 - INFO - [init_trgt_stock_list:123] - 매도 목표가:    21943
2023-11-13 10:43:48 - INFO - [init_trgt_stock_list:95] - 네이버[035420]
2023-11-13 10:43:48 - INFO - [init_trgt_stock_list:118] - 오늘 시가: 197400
2023-11-13 10:43:48 - INFO - [init_trgt_stock_list:119] - 전일 고가: 198500
2023-11-13 10:43:48 - INFO - [init_trgt_stock_list:120] - 전일 저가: 193500
2023-11-13 10:43:48 - INFO - [init_trgt_stock_list:121] - 전일 종가: 194700
2023-11-13 10:43:48 - INFO - [init_trgt_stock_list:122] - 매수 목표가:    199374
2023-11-13 10:43:48 - INFO - [init_trgt_stock_list:123] - 매도 목표가:    203361
2023-11-13 10:43:48 - INFO - [init_trgt_stock_list:95] - 두산로보틱스[454910]
2023-11-13 10:43:48 - INFO - [init_trgt_stock_list:118] - 오늘 시가: 47600
2023-11-13 10:43:48 - INFO - [init_trgt_stock_list:119] - 전일 고가: 47850
2023-11-13 10:43:48 - INFO - [init_trgt_stock_list:120] - 전일 저가: 45950
2023-11-13 10:43:48 - INFO - [init_trgt_stock_list:121] - 전일 종가: 46850
2023-11-13 10:43:48 - INFO - [init_trgt_stock_list:122] - 매수 목표가:    48076
2023-11-13 10:43:48 - INFO - [init_trgt_stock_list:123] - 매도 목표가:    49037
2023-11-13 10:43:49 - INFO - [report_cur_stock_info:136] - =====reportCurStockInfo START =====
2023-11-13 10:43:49 - INFO - [report_cur_stock_info:158] - =====reportCurStockInfo END =====
2023-11-13 10:43:50 - INFO - [sell_stock_by_condition:203] - 하이닉스 현재가 [132300 * 4] / 매도목표가 [137016] / 평가손익금액 [9400]
2023-11-13 10:43:50 - INFO - [sell_stock_by_condition:203] - 카카오 현재가 [45450 * 6] / 매도목표가 [47183] / 평가손익금액 [-3900]
2023-11-13 10:43:50 - INFO - [sell_stock_by_condition:203] - 한화 현재가 [24400 * 12] / 매도목표가 [25033] / 평가손익금액 [-1700]
2023-11-13 10:43:50 - INFO - [sell_stock_by_condition:203] - CJ CGV 현재가 [5610 * 52] / 매도목표가 [5809] / 평가손익금액 [-6760]
2023-11-13 10:43:50 - INFO - [sell_stock_by_condition:203] - 롯데지주 현재가 [29300 * 20] / 매도목표가 [30132] / 평가손익금액 [23500]
2023-11-13 10:43:50 - INFO - [sell_stock_by_condition:203] - 두산로보틱스 현재가 [44750 * 12] / 매도목표가 [49037] / 평가손익금액 [-29100]
2023-11-13 10:43:52 - INFO - [sell_stock_by_condition:203] - 하이닉스 현재가 [132300 * 4] / 매도목표가 [137016] / 평가손익금액 [9400]
2023-11-13 10:43:52 - INFO - [sell_stock_by_condition:203] - 카카오 현재가 [45450 * 6] / 매도목표가 [47183] / 평가손익금액 [-3900]
2023-11-13 10:43:52 - INFO - [sell_stock_by_condition:203] - 한화 현재가 [24400 * 12] / 매도목표가 [25033] / 평가손익금액 [-1700]
2023-11-13 10:43:52 - INFO - [sell_stock_by_condition:203] - CJ CGV 현재가 [5610 * 52] / 매도목표가 [5809] / 평가손익금액 [-6760]
2023-11-13 10:43:52 - INFO - [sell_stock_by_condition:203] - 롯데지주 현재가 [29300 * 20] / 매도목표가 [30132] / 평가손익금액 [23500]
2023-11-13 10:43:52 - INFO - [sell_stock_by_condition:203] - 두산로보틱스 현재가 [44800 * 12] / 매도목표가 [49037] / 평가손익금액 [-28500]
2023-11-13 10:43:53 - INFO - [sell_stock_by_condition:203] - 하이닉스 현재가 [132300 * 4] / 매도목표가 [137016] / 평가손익금액 [9400]
2023-11-13 10:43:53 - INFO - [sell_stock_by_condition:203] - 카카오 현재가 [45450 * 6] / 매도목표가 [47183] / 평가손익금액 [-3900]
2023-11-13 10:43:53 - INFO - [sell_stock_by_condition:203] - 한화 현재가 [24400 * 12] / 매도목표가 [25033] / 평가손익금액 [-1700]
2023-11-13 10:43:53 - INFO - [sell_stock_by_condition:203] - CJ CGV 현재가 [5610 * 52] / 매도목표가 [5809] / 평가손익금액 [-6760]
2023-11-13 10:43:53 - INFO - [sell_stock_by_condition:203] - 롯데지주 현재가 [29300 * 20] / 매도목표가 [30132] / 평가손익금액 [23500]
2023-11-13 10:43:53 - INFO - [sell_stock_by_condition:203] - 두산로보틱스 현재가 [44800 * 12] / 매도목표가 [49037] / 평가손익금액 [-28500]
2023-11-13 10:43:54 - INFO - [sell_stock_by_condition:203] - 하이닉스 현재가 [132300 * 4] / 매도목표가 [137016] / 평가손익금액 [9400]
2023-11-13 10:43:54 - INFO - [sell_stock_by_condition:203] - 카카오 현재가 [45450 * 6] / 매도목표가 [47183] / 평가손익금액 [-3900]
2023-11-13 10:43:54 - INFO - [sell_stock_by_condition:203] - 한화 현재가 [24400 * 12] / 매도목표가 [25033] / 평가손익금액 [-1700]
2023-11-13 10:43:54 - INFO - [sell_stock_by_condition:203] - CJ CGV 현재가 [5610 * 52] / 매도목표가 [5809] / 평가손익금액 [-6760]
2023-11-13 10:43:54 - INFO - [sell_stock_by_condition:203] - 롯데지주 현재가 [29300 * 20] / 매도목표가 [30132] / 평가손익금액 [23500]
2023-11-13 10:43:54 - INFO - [sell_stock_by_condition:203] - 두산로보틱스 현재가 [44750 * 12] / 매도목표가 [49037] / 평가손익금액 [-29100]
2023-11-13 10:43:55 - INFO - [sell_stock_by_condition:203] - 하이닉스 현재가 [132300 * 4] / 매도목표가 [137016] / 평가손익금액 [9400]
2023-11-13 10:43:55 - INFO - [sell_stock_by_condition:203] - 카카오 현재가 [45450 * 6] / 매도목표가 [47183] / 평가손익금액 [-3900]
2023-11-13 10:43:55 - INFO - [sell_stock_by_condition:203] - 한화 현재가 [24400 * 12] / 매도목표가 [25033] / 평가손익금액 [-1700]
2023-11-13 10:43:55 - INFO - [sell_stock_by_condition:203] - CJ CGV 현재가 [5620 * 52] / 매도목표가 [5809] / 평가손익금액 [-6240]
2023-11-13 10:43:55 - INFO - [sell_stock_by_condition:203] - 롯데지주 현재가 [29300 * 20] / 매도목표가 [30132] / 평가손익금액 [23500]
2023-11-13 10:43:55 - INFO - [sell_stock_by_condition:203] - 두산로보틱스 현재가 [44750 * 12] / 매도목표가 [49037] / 평가손익금액 [-29100]
2023-11-13 10:43:56 - INFO - [sell_stock_by_condition:203] - 하이닉스 현재가 [132200 * 4] / 매도목표가 [137016] / 평가손익금액 [9000]
2023-11-13 10:43:56 - INFO - [sell_stock_by_condition:203] - 카카오 현재가 [45450 * 6] / 매도목표가 [47183] / 평가손익금액 [-3900]
2023-11-13 10:43:56 - INFO - [sell_stock_by_condition:203] - 한화 현재가 [24400 * 12] / 매도목표가 [25033] / 평가손익금액 [-1700]
2023-11-13 10:43:56 - INFO - [sell_stock_by_condition:203] - CJ CGV 현재가 [5620 * 52] / 매도목표가 [5809] / 평가손익금액 [-6240]
2023-11-13 10:43:56 - INFO - [sell_stock_by_condition:203] - 롯데지주 현재가 [29300 * 20] / 매도목표가 [30132] / 평가손익금액 [23500]
2023-11-13 10:43:56 - INFO - [sell_stock_by_condition:203] - 두산로보틱스 현재가 [44750 * 12] / 매도목표가 [49037] / 평가손익금액 [-29100]
2023-11-13 10:43:58 - INFO - [sell_stock_by_condition:203] - 하이닉스 현재가 [132200 * 4] / 매도목표가 [137016] / 평가손익금액 [9000]
2023-11-13 10:43:58 - INFO - [sell_stock_by_condition:203] - 카카오 현재가 [45450 * 6] / 매도목표가 [47183] / 평가손익금액 [-3900]
2023-11-13 10:43:58 - INFO - [sell_stock_by_condition:203] - 한화 현재가 [24400 * 12] / 매도목표가 [25033] / 평가손익금액 [-1700]
2023-11-13 10:43:58 - INFO - [sell_stock_by_condition:203] - CJ CGV 현재가 [5610 * 52] / 매도목표가 [5809] / 평가손익금액 [-6760]
2023-11-13 10:43:58 - INFO - [sell_stock_by_condition:203] - 롯데지주 현재가 [29300 * 20] / 매도목표가 [30132] / 평가손익금액 [23500]
2023-11-13 10:43:58 - INFO - [sell_stock_by_condition:203] - 두산로보틱스 현재가 [44750 * 12] / 매도목표가 [49037] / 평가손익금액 [-29100]
2023-11-13 10:43:59 - INFO - [sell_stock_by_condition:203] - 하이닉스 현재가 [132300 * 4] / 매도목표가 [137016] / 평가손익금액 [9400]
2023-11-13 10:43:59 - INFO - [sell_stock_by_condition:203] - 카카오 현재가 [45400 * 6] / 매도목표가 [47183] / 평가손익금액 [-4200]
2023-11-13 10:43:59 - INFO - [sell_stock_by_condition:203] - 한화 현재가 [24400 * 12] / 매도목표가 [25033] / 평가손익금액 [-1700]
2023-11-13 10:43:59 - INFO - [sell_stock_by_condition:203] - CJ CGV 현재가 [5610 * 52] / 매도목표가 [5809] / 평가손익금액 [-6760]
2023-11-13 10:43:59 - INFO - [sell_stock_by_condition:203] - 롯데지주 현재가 [29300 * 20] / 매도목표가 [30132] / 평가손익금액 [23500]
2023-11-13 10:43:59 - INFO - [sell_stock_by_condition:203] - 두산로보틱스 현재가 [44700 * 12] / 매도목표가 [49037] / 평가손익금액 [-29700]
2023-11-13 10:44:00 - INFO - [sell_stock_by_condition:203] - 하이닉스 현재가 [132200 * 4] / 매도목표가 [137016] / 평가손익금액 [9000]
2023-11-13 10:44:00 - INFO - [sell_stock_by_condition:203] - 카카오 현재가 [45400 * 6] / 매도목표가 [47183] / 평가손익금액 [-4200]
2023-11-13 10:44:00 - INFO - [sell_stock_by_condition:203] - 한화 현재가 [24400 * 12] / 매도목표가 [25033] / 평가손익금액 [-1700]
2023-11-13 10:44:00 - INFO - [sell_stock_by_condition:203] - CJ CGV 현재가 [5610 * 52] / 매도목표가 [5809] / 평가손익금액 [-6760]
2023-11-13 10:44:00 - INFO - [sell_stock_by_condition:203] - 롯데지주 현재가 [29300 * 20] / 매도목표가 [30132] / 평가손익금액 [23500]
2023-11-13 10:44:00 - INFO - [sell_stock_by_condition:203] - 두산로보틱스 현재가 [44650 * 12] / 매도목표가 [49037] / 평가손익금액 [-30300]
2023-11-13 10:44:02 - INFO - [sell_stock_by_condition:203] - 하이닉스 현재가 [132200 * 4] / 매도목표가 [137016] / 평가손익금액 [9000]
2023-11-13 10:44:02 - INFO - [sell_stock_by_condition:203] - 카카오 현재가 [45400 * 6] / 매도목표가 [47183] / 평가손익금액 [-4200]
2023-11-13 10:44:02 - INFO - [sell_stock_by_condition:203] - 한화 현재가 [24350 * 12] / 매도목표가 [25033] / 평가손익금액 [-2300]
2023-11-13 10:44:02 - INFO - [sell_stock_by_condition:203] - CJ CGV 현재가 [5610 * 52] / 매도목표가 [5809] / 평가손익금액 [-6760]
2023-11-13 10:44:02 - INFO - [sell_stock_by_condition:203] - 롯데지주 현재가 [29300 * 20] / 매도목표가 [30132] / 평가손익금액 [23500]
2023-11-13 10:44:02 - INFO - [sell_stock_by_condition:203] - 두산로보틱스 현재가 [44700 * 12] / 매도목표가 [49037] / 평가손익금액 [-29700]
2023-11-13 10:44:04 - INFO - [sell_stock_by_condition:203] - 하이닉스 현재가 [132300 * 4] / 매도목표가 [137016] / 평가손익금액 [9400]
2023-11-13 10:44:04 - INFO - [sell_stock_by_condition:203] - 카카오 현재가 [45450 * 6] / 매도목표가 [47183] / 평가손익금액 [-3900]
2023-11-13 10:44:04 - INFO - [sell_stock_by_condition:203] - 한화 현재가 [24350 * 12] / 매도목표가 [25033] / 평가손익금액 [-2300]
2023-11-13 10:44:04 - INFO - [sell_stock_by_condition:203] - CJ CGV 현재가 [5610 * 52] / 매도목표가 [5809] / 평가손익금액 [-6760]
2023-11-13 10:44:04 - INFO - [sell_stock_by_condition:203] - 롯데지주 현재가 [29300 * 20] / 매도목표가 [30132] / 평가손익금액 [23500]
2023-11-13 10:44:04 - INFO - [sell_stock_by_condition:203] - 두산로보틱스 현재가 [44650 * 12] / 매도목표가 [49037] / 평가손익금액 [-30300]
2023-11-13 10:44:06 - INFO - [sell_stock_by_condition:203] - 하이닉스 현재가 [132300 * 4] / 매도목표가 [137016] / 평가손익금액 [9400]
2023-11-13 10:44:06 - INFO - [sell_stock_by_condition:203] - 카카오 현재가 [45450 * 6] / 매도목표가 [47183] / 평가손익금액 [-3900]
2023-11-13 10:44:06 - INFO - [sell_stock_by_condition:203] - 한화 현재가 [24350 * 12] / 매도목표가 [25033] / 평가손익금액 [-2300]
2023-11-13 10:44:06 - INFO - [sell_stock_by_condition:203] - CJ CGV 현재가 [5610 * 52] / 매도목표가 [5809] / 평가손익금액 [-6760]
2023-11-13 10:44:06 - INFO - [sell_stock_by_condition:203] - 롯데지주 현재가 [29300 * 20] / 매도목표가 [30132] / 평가손익금액 [23500]
2023-11-13 10:44:06 - INFO - [sell_stock_by_condition:203] - 두산로보틱스 현재가 [44650 * 12] / 매도목표가 [49037] / 평가손익금액 [-30300]
2023-11-13 10:44:08 - INFO - [sell_stock_by_condition:203] - 하이닉스 현재가 [132300 * 4] / 매도목표가 [137016] / 평가손익금액 [9400]
2023-11-13 10:44:08 - INFO - [sell_stock_by_condition:203] - 카카오 현재가 [45450 * 6] / 매도목표가 [47183] / 평가손익금액 [-3900]
2023-11-13 10:44:08 - INFO - [sell_stock_by_condition:203] - 한화 현재가 [24350 * 12] / 매도목표가 [25033] / 평가손익금액 [-2300]
2023-11-13 10:44:08 - INFO - [sell_stock_by_condition:203] - CJ CGV 현재가 [5610 * 52] / 매도목표가 [5809] / 평가손익금액 [-6760]
2023-11-13 10:44:08 - INFO - [sell_stock_by_condition:203] - 롯데지주 현재가 [29300 * 20] / 매도목표가 [30132] / 평가손익금액 [23500]
2023-11-13 10:44:08 - INFO - [sell_stock_by_condition:203] - 두산로보틱스 현재가 [44600 * 12] / 매도목표가 [49037] / 평가손익금액 [-30900]
2023-11-13 10:44:09 - INFO - [sell_stock_by_condition:203] - 하이닉스 현재가 [132300 * 4] / 매도목표가 [137016] / 평가손익금액 [9400]
2023-11-13 10:44:09 - INFO - [sell_stock_by_condition:203] - 카카오 현재가 [45400 * 6] / 매도목표가 [47183] / 평가손익금액 [-4200]
2023-11-13 10:44:09 - INFO - [sell_stock_by_condition:203] - 한화 현재가 [24350 * 12] / 매도목표가 [25033] / 평가손익금액 [-2300]
2023-11-13 10:44:09 - INFO - [sell_stock_by_condition:203] - CJ CGV 현재가 [5610 * 52] / 매도목표가 [5809] / 평가손익금액 [-6760]
2023-11-13 10:44:09 - INFO - [sell_stock_by_condition:203] - 롯데지주 현재가 [29300 * 20] / 매도목표가 [30132] / 평가손익금액 [23500]
2023-11-13 10:44:09 - INFO - [sell_stock_by_condition:203] - 두산로보틱스 현재가 [44600 * 12] / 매도목표가 [49037] / 평가손익금액 [-30900]
2023-11-13 10:44:11 - INFO - [sell_stock_by_condition:203] - 하이닉스 현재가 [132200 * 4] / 매도목표가 [137016] / 평가손익금액 [9000]
2023-11-13 10:44:11 - INFO - [sell_stock_by_condition:203] - 카카오 현재가 [45400 * 6] / 매도목표가 [47183] / 평가손익금액 [-4200]
2023-11-13 10:44:11 - INFO - [sell_stock_by_condition:203] - 한화 현재가 [24350 * 12] / 매도목표가 [25033] / 평가손익금액 [-2300]
2023-11-13 10:44:11 - INFO - [sell_stock_by_condition:203] - CJ CGV 현재가 [5610 * 52] / 매도목표가 [5809] / 평가손익금액 [-6760]
2023-11-13 10:44:11 - INFO - [sell_stock_by_condition:203] - 롯데지주 현재가 [29300 * 20] / 매도목표가 [30132] / 평가손익금액 [23500]
2023-11-13 10:44:11 - INFO - [sell_stock_by_condition:203] - 두산로보틱스 현재가 [44600 * 12] / 매도목표가 [49037] / 평가손익금액 [-30900]
2023-11-13 10:44:12 - INFO - [sell_stock_by_condition:203] - 하이닉스 현재가 [132200 * 4] / 매도목표가 [137016] / 평가손익금액 [9000]
2023-11-13 10:44:12 - INFO - [sell_stock_by_condition:203] - 카카오 현재가 [45400 * 6] / 매도목표가 [47183] / 평가손익금액 [-4200]
2023-11-13 10:44:12 - INFO - [sell_stock_by_condition:203] - 한화 현재가 [24350 * 12] / 매도목표가 [25033] / 평가손익금액 [-2300]
2023-11-13 10:44:12 - INFO - [sell_stock_by_condition:203] - CJ CGV 현재가 [5610 * 52] / 매도목표가 [5809] / 평가손익금액 [-6760]
2023-11-13 10:44:12 - INFO - [sell_stock_by_condition:203] - 롯데지주 현재가 [29300 * 20] / 매도목표가 [30132] / 평가손익금액 [23500]
2023-11-13 10:44:12 - INFO - [sell_stock_by_condition:203] - 두산로보틱스 현재가 [44600 * 12] / 매도목표가 [49037] / 평가손익금액 [-30900]
2023-11-13 10:44:13 - INFO - [sell_stock_by_condition:203] - 하이닉스 현재가 [132300 * 4] / 매도목표가 [137016] / 평가손익금액 [9400]
2023-11-13 10:44:13 - INFO - [sell_stock_by_condition:203] - 카카오 현재가 [45400 * 6] / 매도목표가 [47183] / 평가손익금액 [-4200]
2023-11-13 10:44:13 - INFO - [sell_stock_by_condition:203] - 한화 현재가 [24350 * 12] / 매도목표가 [25033] / 평가손익금액 [-2300]
2023-11-13 10:44:13 - INFO - [sell_stock_by_condition:203] - CJ CGV 현재가 [5610 * 52] / 매도목표가 [5809] / 평가손익금액 [-6760]
2023-11-13 10:44:13 - INFO - [sell_stock_by_condition:203] - 롯데지주 현재가 [29300 * 20] / 매도목표가 [30132] / 평가손익금액 [23500]
2023-11-13 10:44:13 - INFO - [sell_stock_by_condition:203] - 두산로보틱스 현재가 [44550 * 12] / 매도목표가 [49037] / 평가손익금액 [-31500]
2023-11-13 10:44:16 - INFO - [sell_stock_by_condition:203] - 하이닉스 현재가 [132400 * 4] / 매도목표가 [137016] / 평가손익금액 [9800]
2023-11-13 10:44:16 - INFO - [sell_stock_by_condition:203] - 카카오 현재가 [45450 * 6] / 매도목표가 [47183] / 평가손익금액 [-3900]
2023-11-13 10:44:16 - INFO - [sell_stock_by_condition:203] - 한화 현재가 [24350 * 12] / 매도목표가 [25033] / 평가손익금액 [-2300]
2023-11-13 10:44:16 - INFO - [sell_stock_by_condition:203] - CJ CGV 현재가 [5610 * 52] / 매도목표가 [5809] / 평가손익금액 [-6760]
2023-11-13 10:44:16 - INFO - [sell_stock_by_condition:203] - 롯데지주 현재가 [29300 * 20] / 매도목표가 [30132] / 평가손익금액 [23500]
2023-11-13 10:44:16 - INFO - [sell_stock_by_condition:203] - 두산로보틱스 현재가 [44500 * 12] / 매도목표가 [49037] / 평가손익금액 [-32100]
2023-11-13 10:44:17 - INFO - [sell_stock_by_condition:203] - 하이닉스 현재가 [132300 * 4] / 매도목표가 [137016] / 평가손익금액 [9400]
2023-11-13 10:44:17 - INFO - [sell_stock_by_condition:203] - 카카오 현재가 [45400 * 6] / 매도목표가 [47183] / 평가손익금액 [-4200]
2023-11-13 10:44:17 - INFO - [sell_stock_by_condition:203] - 한화 현재가 [24350 * 12] / 매도목표가 [25033] / 평가손익금액 [-2300]
2023-11-13 10:44:17 - INFO - [sell_stock_by_condition:203] - CJ CGV 현재가 [5610 * 52] / 매도목표가 [5809] / 평가손익금액 [-6760]
2023-11-13 10:44:17 - INFO - [sell_stock_by_condition:203] - 롯데지주 현재가 [29300 * 20] / 매도목표가 [30132] / 평가손익금액 [23500]
2023-11-13 10:44:17 - INFO - [sell_stock_by_condition:203] - 두산로보틱스 현재가 [44500 * 12] / 매도목표가 [49037] / 평가손익금액 [-32100]
2023-11-13 10:44:18 - INFO - [sell_stock_by_condition:203] - 하이닉스 현재가 [132300 * 4] / 매도목표가 [137016] / 평가손익금액 [9400]
2023-11-13 10:44:18 - INFO - [sell_stock_by_condition:203] - 카카오 현재가 [45450 * 6] / 매도목표가 [47183] / 평가손익금액 [-3900]
2023-11-13 10:44:18 - INFO - [sell_stock_by_condition:203] - 한화 현재가 [24350 * 12] / 매도목표가 [25033] / 평가손익금액 [-2300]
2023-11-13 10:44:18 - INFO - [sell_stock_by_condition:203] - CJ CGV 현재가 [5610 * 52] / 매도목표가 [5809] / 평가손익금액 [-6760]
2023-11-13 10:44:18 - INFO - [sell_stock_by_condition:203] - 롯데지주 현재가 [29300 * 20] / 매도목표가 [30132] / 평가손익금액 [23500]
2023-11-13 10:44:18 - INFO - [sell_stock_by_condition:203] - 두산로보틱스 현재가 [44500 * 12] / 매도목표가 [49037] / 평가손익금액 [-32100]
2023-11-13 10:44:19 - INFO - [sell_stock_by_condition:203] - 하이닉스 현재가 [132500 * 4] / 매도목표가 [137016] / 평가손익금액 [10200]
2023-11-13 10:44:19 - INFO - [sell_stock_by_condition:203] - 카카오 현재가 [45450 * 6] / 매도목표가 [47183] / 평가손익금액 [-3900]
2023-11-13 10:44:19 - INFO - [sell_stock_by_condition:203] - 한화 현재가 [24350 * 12] / 매도목표가 [25033] / 평가손익금액 [-2300]
2023-11-13 10:44:19 - INFO - [sell_stock_by_condition:203] - CJ CGV 현재가 [5620 * 52] / 매도목표가 [5809] / 평가손익금액 [-6240]
2023-11-13 10:44:19 - INFO - [sell_stock_by_condition:203] - 롯데지주 현재가 [29250 * 20] / 매도목표가 [30132] / 평가손익금액 [22500]
2023-11-13 10:44:19 - INFO - [sell_stock_by_condition:203] - 두산로보틱스 현재가 [44500 * 12] / 매도목표가 [49037] / 평가손익금액 [-32100]
2023-11-13 10:44:20 - INFO - [sell_stock_by_condition:203] - 하이닉스 현재가 [132300 * 4] / 매도목표가 [137016] / 평가손익금액 [9400]
2023-11-13 10:44:20 - INFO - [sell_stock_by_condition:203] - 카카오 현재가 [45450 * 6] / 매도목표가 [47183] / 평가손익금액 [-3900]
2023-11-13 10:44:20 - INFO - [sell_stock_by_condition:203] - 한화 현재가 [24350 * 12] / 매도목표가 [25033] / 평가손익금액 [-2300]
2023-11-13 10:44:20 - INFO - [sell_stock_by_condition:203] - CJ CGV 현재가 [5620 * 52] / 매도목표가 [5809] / 평가손익금액 [-6240]
2023-11-13 10:44:20 - INFO - [sell_stock_by_condition:203] - 롯데지주 현재가 [29250 * 20] / 매도목표가 [30132] / 평가손익금액 [22500]
2023-11-13 10:44:20 - INFO - [sell_stock_by_condition:203] - 두산로보틱스 현재가 [44550 * 12] / 매도목표가 [49037] / 평가손익금액 [-31500]
2023-11-13 10:44:21 - INFO - [sell_stock_by_condition:203] - 하이닉스 현재가 [132500 * 4] / 매도목표가 [137016] / 평가손익금액 [10200]
2023-11-13 10:44:21 - INFO - [sell_stock_by_condition:203] - 카카오 현재가 [45400 * 6] / 매도목표가 [47183] / 평가손익금액 [-4200]
2023-11-13 10:44:21 - INFO - [sell_stock_by_condition:203] - 한화 현재가 [24350 * 12] / 매도목표가 [25033] / 평가손익금액 [-2300]
2023-11-13 10:44:21 - INFO - [sell_stock_by_condition:203] - CJ CGV 현재가 [5620 * 52] / 매도목표가 [5809] / 평가손익금액 [-6240]
2023-11-13 10:44:21 - INFO - [sell_stock_by_condition:203] - 롯데지주 현재가 [29250 * 20] / 매도목표가 [30132] / 평가손익금액 [22500]
2023-11-13 10:44:21 - INFO - [sell_stock_by_condition:203] - 두산로보틱스 현재가 [44700 * 12] / 매도목표가 [49037] / 평가손익금액 [-29700]
2023-11-13 10:44:23 - INFO - [sell_stock_by_condition:203] - 하이닉스 현재가 [132500 * 4] / 매도목표가 [137016] / 평가손익금액 [10200]
2023-11-13 10:44:23 - INFO - [sell_stock_by_condition:203] - 카카오 현재가 [45400 * 6] / 매도목표가 [47183] / 평가손익금액 [-4200]
2023-11-13 10:44:23 - INFO - [sell_stock_by_condition:203] - 한화 현재가 [24350 * 12] / 매도목표가 [25033] / 평가손익금액 [-2300]
2023-11-13 10:44:23 - INFO - [sell_stock_by_condition:203] - CJ CGV 현재가 [5620 * 52] / 매도목표가 [5809] / 평가손익금액 [-6240]
2023-11-13 10:44:23 - INFO - [sell_stock_by_condition:203] - 롯데지주 현재가 [29250 * 20] / 매도목표가 [30132] / 평가손익금액 [22500]
2023-11-13 10:44:23 - INFO - [sell_stock_by_condition:203] - 두산로보틱스 현재가 [44700 * 12] / 매도목표가 [49037] / 평가손익금액 [-29700]
2023-11-13 10:44:24 - INFO - [sell_stock_by_condition:203] - 하이닉스 현재가 [132500 * 4] / 매도목표가 [137016] / 평가손익금액 [10200]
2023-11-13 10:44:24 - INFO - [sell_stock_by_condition:203] - 카카오 현재가 [45400 * 6] / 매도목표가 [47183] / 평가손익금액 [-4200]
2023-11-13 10:44:24 - INFO - [sell_stock_by_condition:203] - 한화 현재가 [24350 * 12] / 매도목표가 [25033] / 평가손익금액 [-2300]
2023-11-13 10:44:24 - INFO - [sell_stock_by_condition:203] - CJ CGV 현재가 [5620 * 52] / 매도목표가 [5809] / 평가손익금액 [-6240]
2023-11-13 10:44:24 - INFO - [sell_stock_by_condition:203] - 롯데지주 현재가 [29250 * 20] / 매도목표가 [30132] / 평가손익금액 [22500]
2023-11-13 10:44:24 - INFO - [sell_stock_by_condition:203] - 두산로보틱스 현재가 [44500 * 12] / 매도목표가 [49037] / 평가손익금액 [-32100]
2023-11-13 10:44:25 - INFO - [sell_stock_by_condition:203] - 하이닉스 현재가 [132500 * 4] / 매도목표가 [137016] / 평가손익금액 [10200]
2023-11-13 10:44:25 - INFO - [sell_stock_by_condition:203] - 카카오 현재가 [45400 * 6] / 매도목표가 [47183] / 평가손익금액 [-4200]
2023-11-13 10:44:25 - INFO - [sell_stock_by_condition:203] - 한화 현재가 [24350 * 12] / 매도목표가 [25033] / 평가손익금액 [-2300]
2023-11-13 10:44:25 - INFO - [sell_stock_by_condition:203] - CJ CGV 현재가 [5620 * 52] / 매도목표가 [5809] / 평가손익금액 [-6240]
2023-11-13 10:44:25 - INFO - [sell_stock_by_condition:203] - 롯데지주 현재가 [29250 * 20] / 매도목표가 [30132] / 평가손익금액 [22500]
2023-11-13 10:44:25 - INFO - [sell_stock_by_condition:203] - 두산로보틱스 현재가 [44750 * 12] / 매도목표가 [49037] / 평가손익금액 [-29100]
2023-11-13 10:44:26 - INFO - [sell_stock_by_condition:203] - 하이닉스 현재가 [132500 * 4] / 매도목표가 [137016] / 평가손익금액 [10200]
2023-11-13 10:44:26 - INFO - [sell_stock_by_condition:203] - 카카오 현재가 [45400 * 6] / 매도목표가 [47183] / 평가손익금액 [-4200]
2023-11-13 10:44:26 - INFO - [sell_stock_by_condition:203] - 한화 현재가 [24350 * 12] / 매도목표가 [25033] / 평가손익금액 [-2300]
2023-11-13 10:44:26 - INFO - [sell_stock_by_condition:203] - CJ CGV 현재가 [5620 * 52] / 매도목표가 [5809] / 평가손익금액 [-6240]
2023-11-13 10:44:26 - INFO - [sell_stock_by_condition:203] - 롯데지주 현재가 [29250 * 20] / 매도목표가 [30132] / 평가손익금액 [22500]
2023-11-13 10:44:26 - INFO - [sell_stock_by_condition:203] - 두산로보틱스 현재가 [44700 * 12] / 매도목표가 [49037] / 평가손익금액 [-29700]
2023-11-13 10:44:27 - INFO - [sell_stock_by_condition:203] - 하이닉스 현재가 [132500 * 4] / 매도목표가 [137016] / 평가손익금액 [10200]
2023-11-13 10:44:27 - INFO - [sell_stock_by_condition:203] - 카카오 현재가 [45400 * 6] / 매도목표가 [47183] / 평가손익금액 [-4200]
2023-11-13 10:44:27 - INFO - [sell_stock_by_condition:203] - 한화 현재가 [24350 * 12] / 매도목표가 [25033] / 평가손익금액 [-2300]
2023-11-13 10:44:27 - INFO - [sell_stock_by_condition:203] - CJ CGV 현재가 [5620 * 52] / 매도목표가 [5809] / 평가손익금액 [-6240]
2023-11-13 10:44:27 - INFO - [sell_stock_by_condition:203] - 롯데지주 현재가 [29250 * 20] / 매도목표가 [30132] / 평가손익금액 [22500]
2023-11-13 10:44:27 - INFO - [sell_stock_by_condition:203] - 두산로보틱스 현재가 [44750 * 12] / 매도목표가 [49037] / 평가손익금액 [-29100]
2023-11-13 10:44:28 - INFO - [sell_stock_by_condition:203] - 하이닉스 현재가 [132500 * 4] / 매도목표가 [137016] / 평가손익금액 [10200]
2023-11-13 10:44:28 - INFO - [sell_stock_by_condition:203] - 카카오 현재가 [45450 * 6] / 매도목표가 [47183] / 평가손익금액 [-3900]
2023-11-13 10:44:28 - INFO - [sell_stock_by_condition:203] - 한화 현재가 [24350 * 12] / 매도목표가 [25033] / 평가손익금액 [-2300]
2023-11-13 10:44:28 - INFO - [sell_stock_by_condition:203] - CJ CGV 현재가 [5620 * 52] / 매도목표가 [5809] / 평가손익금액 [-6240]
2023-11-13 10:44:28 - INFO - [sell_stock_by_condition:203] - 롯데지주 현재가 [29250 * 20] / 매도목표가 [30132] / 평가손익금액 [22500]
2023-11-13 10:44:28 - INFO - [sell_stock_by_condition:203] - 두산로보틱스 현재가 [44700 * 12] / 매도목표가 [49037] / 평가손익금액 [-29700]
2023-11-13 10:44:29 - INFO - [sell_stock_by_condition:203] - 하이닉스 현재가 [132500 * 4] / 매도목표가 [137016] / 평가손익금액 [10200]
2023-11-13 10:44:29 - INFO - [sell_stock_by_condition:203] - 카카오 현재가 [45450 * 6] / 매도목표가 [47183] / 평가손익금액 [-3900]
2023-11-13 10:44:29 - INFO - [sell_stock_by_condition:203] - 한화 현재가 [24350 * 12] / 매도목표가 [25033] / 평가손익금액 [-2300]
2023-11-13 10:44:29 - INFO - [sell_stock_by_condition:203] - CJ CGV 현재가 [5620 * 52] / 매도목표가 [5809] / 평가손익금액 [-6240]
2023-11-13 10:44:29 - INFO - [sell_stock_by_condition:203] - 롯데지주 현재가 [29250 * 20] / 매도목표가 [30132] / 평가손익금액 [22500]
2023-11-13 10:44:29 - INFO - [sell_stock_by_condition:203] - 두산로보틱스 현재가 [44700 * 12] / 매도목표가 [49037] / 평가손익금액 [-29700]
2023-11-13 10:44:31 - INFO - [sell_stock_by_condition:203] - 하이닉스 현재가 [132500 * 4] / 매도목표가 [137016] / 평가손익금액 [10200]
2023-11-13 10:44:31 - INFO - [sell_stock_by_condition:203] - 카카오 현재가 [45400 * 6] / 매도목표가 [47183] / 평가손익금액 [-4200]
2023-11-13 10:44:31 - INFO - [sell_stock_by_condition:203] - 한화 현재가 [24350 * 12] / 매도목표가 [25033] / 평가손익금액 [-2300]
2023-11-13 10:44:31 - INFO - [sell_stock_by_condition:203] - CJ CGV 현재가 [5620 * 52] / 매도목표가 [5809] / 평가손익금액 [-6240]
2023-11-13 10:44:31 - INFO - [sell_stock_by_condition:203] - 롯데지주 현재가 [29250 * 20] / 매도목표가 [30132] / 평가손익금액 [22500]
2023-11-13 10:44:31 - INFO - [sell_stock_by_condition:203] - 두산로보틱스 현재가 [44750 * 12] / 매도목표가 [49037] / 평가손익금액 [-29100]
2023-11-13 10:44:32 - INFO - [sell_stock_by_condition:203] - 하이닉스 현재가 [132500 * 4] / 매도목표가 [137016] / 평가손익금액 [10200]
2023-11-13 10:44:32 - INFO - [sell_stock_by_condition:203] - 카카오 현재가 [45450 * 6] / 매도목표가 [47183] / 평가손익금액 [-3900]
2023-11-13 10:44:32 - INFO - [sell_stock_by_condition:203] - 한화 현재가 [24350 * 12] / 매도목표가 [25033] / 평가손익금액 [-2300]
2023-11-13 10:44:32 - INFO - [sell_stock_by_condition:203] - CJ CGV 현재가 [5620 * 52] / 매도목표가 [5809] / 평가손익금액 [-6240]
2023-11-13 10:44:32 - INFO - [sell_stock_by_condition:203] - 롯데지주 현재가 [29250 * 20] / 매도목표가 [30132] / 평가손익금액 [22500]
2023-11-13 10:44:32 - INFO - [sell_stock_by_condition:203] - 두산로보틱스 현재가 [44700 * 12] / 매도목표가 [49037] / 평가손익금액 [-29700]
2023-11-13 10:44:33 - INFO - [sell_stock_by_condition:203] - 하이닉스 현재가 [132500 * 4] / 매도목표가 [137016] / 평가손익금액 [10200]
2023-11-13 10:44:33 - INFO - [sell_stock_by_condition:203] - 카카오 현재가 [45450 * 6] / 매도목표가 [47183] / 평가손익금액 [-3900]
2023-11-13 10:44:33 - INFO - [sell_stock_by_condition:203] - 한화 현재가 [24350 * 12] / 매도목표가 [25033] / 평가손익금액 [-2300]
2023-11-13 10:44:33 - INFO - [sell_stock_by_condition:203] - CJ CGV 현재가 [5620 * 52] / 매도목표가 [5809] / 평가손익금액 [-6240]
2023-11-13 10:44:33 - INFO - [sell_stock_by_condition:203] - 롯데지주 현재가 [29250 * 20] / 매도목표가 [30132] / 평가손익금액 [22500]
2023-11-13 10:44:33 - INFO - [sell_stock_by_condition:203] - 두산로보틱스 현재가 [44750 * 12] / 매도목표가 [49037] / 평가손익금액 [-29100]
2023-11-13 10:44:34 - INFO - [sell_stock_by_condition:203] - 하이닉스 현재가 [132500 * 4] / 매도목표가 [137016] / 평가손익금액 [10200]
2023-11-13 10:44:34 - INFO - [sell_stock_by_condition:203] - 카카오 현재가 [45400 * 6] / 매도목표가 [47183] / 평가손익금액 [-4200]
2023-11-13 10:44:34 - INFO - [sell_stock_by_condition:203] - 한화 현재가 [24350 * 12] / 매도목표가 [25033] / 평가손익금액 [-2300]
2023-11-13 10:44:34 - INFO - [sell_stock_by_condition:203] - CJ CGV 현재가 [5620 * 52] / 매도목표가 [5809] / 평가손익금액 [-6240]
2023-11-13 10:44:34 - INFO - [sell_stock_by_condition:203] - 롯데지주 현재가 [29250 * 20] / 매도목표가 [30132] / 평가손익금액 [22500]
2023-11-13 10:44:34 - INFO - [sell_stock_by_condition:203] - 두산로보틱스 현재가 [44800 * 12] / 매도목표가 [49037] / 평가손익금액 [-28500]
2023-11-13 10:44:35 - INFO - [sell_stock_by_condition:203] - 하이닉스 현재가 [132500 * 4] / 매도목표가 [137016] / 평가손익금액 [10200]
2023-11-13 10:44:35 - INFO - [sell_stock_by_condition:203] - 카카오 현재가 [45400 * 6] / 매도목표가 [47183] / 평가손익금액 [-4200]
2023-11-13 10:44:35 - INFO - [sell_stock_by_condition:203] - 한화 현재가 [24350 * 12] / 매도목표가 [25033] / 평가손익금액 [-2300]
2023-11-13 10:44:35 - INFO - [sell_stock_by_condition:203] - CJ CGV 현재가 [5620 * 52] / 매도목표가 [5809] / 평가손익금액 [-6240]
2023-11-13 10:44:35 - INFO - [sell_stock_by_condition:203] - 롯데지주 현재가 [29250 * 20] / 매도목표가 [30132] / 평가손익금액 [22500]
2023-11-13 10:44:35 - INFO - [sell_stock_by_condition:203] - 두산로보틱스 현재가 [44900 * 12] / 매도목표가 [49037] / 평가손익금액 [-27300]
2023-11-13 10:44:36 - INFO - [sell_stock_by_condition:203] - 하이닉스 현재가 [132500 * 4] / 매도목표가 [137016] / 평가손익금액 [10200]
2023-11-13 10:44:36 - INFO - [sell_stock_by_condition:203] - 카카오 현재가 [45400 * 6] / 매도목표가 [47183] / 평가손익금액 [-4200]
2023-11-13 10:44:36 - INFO - [sell_stock_by_condition:203] - 한화 현재가 [24350 * 12] / 매도목표가 [25033] / 평가손익금액 [-2300]
2023-11-13 10:44:36 - INFO - [sell_stock_by_condition:203] - CJ CGV 현재가 [5610 * 52] / 매도목표가 [5809] / 평가손익금액 [-6760]
2023-11-13 10:44:36 - INFO - [sell_stock_by_condition:203] - 롯데지주 현재가 [29250 * 20] / 매도목표가 [30132] / 평가손익금액 [22500]
2023-11-13 10:44:36 - INFO - [sell_stock_by_condition:203] - 두산로보틱스 현재가 [44750 * 12] / 매도목표가 [49037] / 평가손익금액 [-29100]
2023-11-13 10:44:37 - INFO - [sell_stock_by_condition:203] - 하이닉스 현재가 [132600 * 4] / 매도목표가 [137016] / 평가손익금액 [10600]
2023-11-13 10:44:37 - INFO - [sell_stock_by_condition:203] - 카카오 현재가 [45450 * 6] / 매도목표가 [47183] / 평가손익금액 [-3900]
2023-11-13 10:44:37 - INFO - [sell_stock_by_condition:203] - 한화 현재가 [24350 * 12] / 매도목표가 [25033] / 평가손익금액 [-2300]
2023-11-13 10:44:37 - INFO - [sell_stock_by_condition:203] - CJ CGV 현재가 [5610 * 52] / 매도목표가 [5809] / 평가손익금액 [-6760]
2023-11-13 10:44:37 - INFO - [sell_stock_by_condition:203] - 롯데지주 현재가 [29250 * 20] / 매도목표가 [30132] / 평가손익금액 [22500]
2023-11-13 10:44:37 - INFO - [sell_stock_by_condition:203] - 두산로보틱스 현재가 [44850 * 12] / 매도목표가 [49037] / 평가손익금액 [-27900]
2023-11-13 10:44:39 - INFO - [sell_stock_by_condition:203] - 하이닉스 현재가 [132500 * 4] / 매도목표가 [137016] / 평가손익금액 [10200]
2023-11-13 10:44:39 - INFO - [sell_stock_by_condition:203] - 카카오 현재가 [45400 * 6] / 매도목표가 [47183] / 평가손익금액 [-4200]
2023-11-13 10:44:39 - INFO - [sell_stock_by_condition:203] - 한화 현재가 [24350 * 12] / 매도목표가 [25033] / 평가손익금액 [-2300]
2023-11-13 10:44:39 - INFO - [sell_stock_by_condition:203] - CJ CGV 현재가 [5620 * 52] / 매도목표가 [5809] / 평가손익금액 [-6240]
2023-11-13 10:44:39 - INFO - [sell_stock_by_condition:203] - 롯데지주 현재가 [29300 * 20] / 매도목표가 [30132] / 평가손익금액 [23500]
2023-11-13 10:44:39 - INFO - [sell_stock_by_condition:203] - 두산로보틱스 현재가 [44900 * 12] / 매도목표가 [49037] / 평가손익금액 [-27300]
2023-11-13 10:44:40 - INFO - [sell_stock_by_condition:203] - 하이닉스 현재가 [132500 * 4] / 매도목표가 [137016] / 평가손익금액 [10200]
2023-11-13 10:44:40 - INFO - [sell_stock_by_condition:203] - 카카오 현재가 [45400 * 6] / 매도목표가 [47183] / 평가손익금액 [-4200]
2023-11-13 10:44:40 - INFO - [sell_stock_by_condition:203] - 한화 현재가 [24350 * 12] / 매도목표가 [25033] / 평가손익금액 [-2300]
2023-11-13 10:44:40 - INFO - [sell_stock_by_condition:203] - CJ CGV 현재가 [5610 * 52] / 매도목표가 [5809] / 평가손익금액 [-6760]
2023-11-13 10:44:40 - INFO - [sell_stock_by_condition:203] - 롯데지주 현재가 [29300 * 20] / 매도목표가 [30132] / 평가손익금액 [23500]
2023-11-13 10:44:40 - INFO - [sell_stock_by_condition:203] - 두산로보틱스 현재가 [44900 * 12] / 매도목표가 [49037] / 평가손익금액 [-27300]
2023-11-13 10:44:41 - INFO - [sell_stock_by_condition:203] - 하이닉스 현재가 [132600 * 4] / 매도목표가 [137016] / 평가손익금액 [10600]
2023-11-13 10:44:41 - INFO - [sell_stock_by_condition:203] - 카카오 현재가 [45400 * 6] / 매도목표가 [47183] / 평가손익금액 [-4200]
2023-11-13 10:44:41 - INFO - [sell_stock_by_condition:203] - 한화 현재가 [24350 * 12] / 매도목표가 [25033] / 평가손익금액 [-2300]
2023-11-13 10:44:41 - INFO - [sell_stock_by_condition:203] - CJ CGV 현재가 [5610 * 52] / 매도목표가 [5809] / 평가손익금액 [-6760]
2023-11-13 10:44:41 - INFO - [sell_stock_by_condition:203] - 롯데지주 현재가 [29300 * 20] / 매도목표가 [30132] / 평가손익금액 [23500]
2023-11-13 10:44:41 - INFO - [sell_stock_by_condition:203] - 두산로보틱스 현재가 [44850 * 12] / 매도목표가 [49037] / 평가손익금액 [-27900]
2023-11-13 10:44:42 - INFO - [sell_stock_by_condition:203] - 하이닉스 현재가 [132600 * 4] / 매도목표가 [137016] / 평가손익금액 [10600]
2023-11-13 10:44:42 - INFO - [sell_stock_by_condition:203] - 카카오 현재가 [45450 * 6] / 매도목표가 [47183] / 평가손익금액 [-3900]
2023-11-13 10:44:42 - INFO - [sell_stock_by_condition:203] - 한화 현재가 [24350 * 12] / 매도목표가 [25033] / 평가손익금액 [-2300]
2023-11-13 10:44:42 - INFO - [sell_stock_by_condition:203] - CJ CGV 현재가 [5620 * 52] / 매도목표가 [5809] / 평가손익금액 [-6240]
2023-11-13 10:44:42 - INFO - [sell_stock_by_condition:203] - 롯데지주 현재가 [29300 * 20] / 매도목표가 [30132] / 평가손익금액 [23500]
2023-11-13 10:44:42 - INFO - [sell_stock_by_condition:203] - 두산로보틱스 현재가 [44850 * 12] / 매도목표가 [49037] / 평가손익금액 [-27900]
2023-11-13 10:44:43 - INFO - [sell_stock_by_condition:203] - 하이닉스 현재가 [132600 * 4] / 매도목표가 [137016] / 평가손익금액 [10600]
2023-11-13 10:44:43 - INFO - [sell_stock_by_condition:203] - 카카오 현재가 [45450 * 6] / 매도목표가 [47183] / 평가손익금액 [-3900]
2023-11-13 10:44:43 - INFO - [sell_stock_by_condition:203] - 한화 현재가 [24350 * 12] / 매도목표가 [25033] / 평가손익금액 [-2300]
2023-11-13 10:44:43 - INFO - [sell_stock_by_condition:203] - CJ CGV 현재가 [5620 * 52] / 매도목표가 [5809] / 평가손익금액 [-6240]
2023-11-13 10:44:43 - INFO - [sell_stock_by_condition:203] - 롯데지주 현재가 [29300 * 20] / 매도목표가 [30132] / 평가손익금액 [23500]
2023-11-13 10:44:43 - INFO - [sell_stock_by_condition:203] - 두산로보틱스 현재가 [44850 * 12] / 매도목표가 [49037] / 평가손익금액 [-27900]
2023-11-13 10:44:44 - INFO - [sell_stock_by_condition:203] - 하이닉스 현재가 [132600 * 4] / 매도목표가 [137016] / 평가손익금액 [10600]
2023-11-13 10:44:44 - INFO - [sell_stock_by_condition:203] - 카카오 현재가 [45450 * 6] / 매도목표가 [47183] / 평가손익금액 [-3900]
2023-11-13 10:44:44 - INFO - [sell_stock_by_condition:203] - 한화 현재가 [24350 * 12] / 매도목표가 [25033] / 평가손익금액 [-2300]
2023-11-13 10:44:44 - INFO - [sell_stock_by_condition:203] - CJ CGV 현재가 [5620 * 52] / 매도목표가 [5809] / 평가손익금액 [-6240]
2023-11-13 10:44:44 - INFO - [sell_stock_by_condition:203] - 롯데지주 현재가 [29300 * 20] / 매도목표가 [30132] / 평가손익금액 [23500]
2023-11-13 10:44:44 - INFO - [sell_stock_by_condition:203] - 두산로보틱스 현재가 [44850 * 12] / 매도목표가 [49037] / 평가손익금액 [-27900]
2023-11-13 10:44:45 - INFO - [sell_stock_by_condition:203] - 하이닉스 현재가 [132600 * 4] / 매도목표가 [137016] / 평가손익금액 [10600]
2023-11-13 10:44:45 - INFO - [sell_stock_by_condition:203] - 카카오 현재가 [45450 * 6] / 매도목표가 [47183] / 평가손익금액 [-3900]
2023-11-13 10:44:45 - INFO - [sell_stock_by_condition:203] - 한화 현재가 [24350 * 12] / 매도목표가 [25033] / 평가손익금액 [-2300]
2023-11-13 10:44:45 - INFO - [sell_stock_by_condition:203] - CJ CGV 현재가 [5620 * 52] / 매도목표가 [5809] / 평가손익금액 [-6240]
2023-11-13 10:44:45 - INFO - [sell_stock_by_condition:203] - 롯데지주 현재가 [29300 * 20] / 매도목표가 [30132] / 평가손익금액 [23500]
2023-11-13 10:44:45 - INFO - [sell_stock_by_condition:203] - 두산로보틱스 현재가 [44850 * 12] / 매도목표가 [49037] / 평가손익금액 [-27900]
2023-11-13 10:44:47 - INFO - [sell_stock_by_condition:203] - 하이닉스 현재가 [132600 * 4] / 매도목표가 [137016] / 평가손익금액 [10600]
2023-11-13 10:44:47 - INFO - [sell_stock_by_condition:203] - 카카오 현재가 [45400 * 6] / 매도목표가 [47183] / 평가손익금액 [-4200]
2023-11-13 10:44:47 - INFO - [sell_stock_by_condition:203] - 한화 현재가 [24350 * 12] / 매도목표가 [25033] / 평가손익금액 [-2300]
2023-11-13 10:44:47 - INFO - [sell_stock_by_condition:203] - CJ CGV 현재가 [5620 * 52] / 매도목표가 [5809] / 평가손익금액 [-6240]
2023-11-13 10:44:47 - INFO - [sell_stock_by_condition:203] - 롯데지주 현재가 [29300 * 20] / 매도목표가 [30132] / 평가손익금액 [23500]
2023-11-13 10:44:47 - INFO - [sell_stock_by_condition:203] - 두산로보틱스 현재가 [44850 * 12] / 매도목표가 [49037] / 평가손익금액 [-27900]
2023-11-13 10:44:48 - INFO - [sell_stock_by_condition:203] - 하이닉스 현재가 [132600 * 4] / 매도목표가 [137016] / 평가손익금액 [10600]
2023-11-13 10:44:48 - INFO - [sell_stock_by_condition:203] - 카카오 현재가 [45450 * 6] / 매도목표가 [47183] / 평가손익금액 [-3900]
2023-11-13 10:44:48 - INFO - [sell_stock_by_condition:203] - 한화 현재가 [24350 * 12] / 매도목표가 [25033] / 평가손익금액 [-2300]
2023-11-13 10:44:48 - INFO - [sell_stock_by_condition:203] - CJ CGV 현재가 [5620 * 52] / 매도목표가 [5809] / 평가손익금액 [-6240]
2023-11-13 10:44:48 - INFO - [sell_stock_by_condition:203] - 롯데지주 현재가 [29300 * 20] / 매도목표가 [30132] / 평가손익금액 [23500]
2023-11-13 10:44:48 - INFO - [sell_stock_by_condition:203] - 두산로보틱스 현재가 [44900 * 12] / 매도목표가 [49037] / 평가손익금액 [-27300]
2023-11-13 10:44:49 - INFO - [sell_stock_by_condition:203] - 하이닉스 현재가 [132500 * 4] / 매도목표가 [137016] / 평가손익금액 [10200]
2023-11-13 10:44:49 - INFO - [sell_stock_by_condition:203] - 카카오 현재가 [45450 * 6] / 매도목표가 [47183] / 평가손익금액 [-3900]
2023-11-13 10:44:49 - INFO - [sell_stock_by_condition:203] - 한화 현재가 [24350 * 12] / 매도목표가 [25033] / 평가손익금액 [-2300]
2023-11-13 10:44:49 - INFO - [sell_stock_by_condition:203] - CJ CGV 현재가 [5620 * 52] / 매도목표가 [5809] / 평가손익금액 [-6240]
2023-11-13 10:44:49 - INFO - [sell_stock_by_condition:203] - 롯데지주 현재가 [29300 * 20] / 매도목표가 [30132] / 평가손익금액 [23500]
2023-11-13 10:44:49 - INFO - [sell_stock_by_condition:203] - 두산로보틱스 현재가 [44850 * 12] / 매도목표가 [49037] / 평가손익금액 [-27900]
2023-11-13 10:44:50 - INFO - [sell_stock_by_condition:203] - 하이닉스 현재가 [132500 * 4] / 매도목표가 [137016] / 평가손익금액 [10200]
2023-11-13 10:44:50 - INFO - [sell_stock_by_condition:203] - 카카오 현재가 [45400 * 6] / 매도목표가 [47183] / 평가손익금액 [-4200]
2023-11-13 10:44:50 - INFO - [sell_stock_by_condition:203] - 한화 현재가 [24350 * 12] / 매도목표가 [25033] / 평가손익금액 [-2300]
2023-11-13 10:44:50 - INFO - [sell_stock_by_condition:203] - CJ CGV 현재가 [5620 * 52] / 매도목표가 [5809] / 평가손익금액 [-6240]
2023-11-13 10:44:50 - INFO - [sell_stock_by_condition:203] - 롯데지주 현재가 [29300 * 20] / 매도목표가 [30132] / 평가손익금액 [23500]
2023-11-13 10:44:50 - INFO - [sell_stock_by_condition:203] - 두산로보틱스 현재가 [44850 * 12] / 매도목표가 [49037] / 평가손익금액 [-27900]
2023-11-13 10:44:51 - INFO - [sell_stock_by_condition:203] - 하이닉스 현재가 [132500 * 4] / 매도목표가 [137016] / 평가손익금액 [10200]
2023-11-13 10:44:51 - INFO - [sell_stock_by_condition:203] - 카카오 현재가 [45400 * 6] / 매도목표가 [47183] / 평가손익금액 [-4200]
2023-11-13 10:44:51 - INFO - [sell_stock_by_condition:203] - 한화 현재가 [24350 * 12] / 매도목표가 [25033] / 평가손익금액 [-2300]
2023-11-13 10:44:51 - INFO - [sell_stock_by_condition:203] - CJ CGV 현재가 [5620 * 52] / 매도목표가 [5809] / 평가손익금액 [-6240]
2023-11-13 10:44:51 - INFO - [sell_stock_by_condition:203] - 롯데지주 현재가 [29300 * 20] / 매도목표가 [30132] / 평가손익금액 [23500]
2023-11-13 10:44:51 - INFO - [sell_stock_by_condition:203] - 두산로보틱스 현재가 [44800 * 12] / 매도목표가 [49037] / 평가손익금액 [-28500]
2023-11-13 10:44:52 - INFO - [sell_stock_by_condition:203] - 하이닉스 현재가 [132500 * 4] / 매도목표가 [137016] / 평가손익금액 [10200]
2023-11-13 10:44:52 - INFO - [sell_stock_by_condition:203] - 카카오 현재가 [45400 * 6] / 매도목표가 [47183] / 평가손익금액 [-4200]
2023-11-13 10:44:52 - INFO - [sell_stock_by_condition:203] - 한화 현재가 [24350 * 12] / 매도목표가 [25033] / 평가손익금액 [-2300]
2023-11-13 10:44:52 - INFO - [sell_stock_by_condition:203] - CJ CGV 현재가 [5620 * 52] / 매도목표가 [5809] / 평가손익금액 [-6240]
2023-11-13 10:44:52 - INFO - [sell_stock_by_condition:203] - 롯데지주 현재가 [29300 * 20] / 매도목표가 [30132] / 평가손익금액 [23500]
2023-11-13 10:44:52 - INFO - [sell_stock_by_condition:203] - 두산로보틱스 현재가 [44800 * 12] / 매도목표가 [49037] / 평가손익금액 [-28500]
2023-11-13 10:44:53 - INFO - [sell_stock_by_condition:203] - 하이닉스 현재가 [132500 * 4] / 매도목표가 [137016] / 평가손익금액 [10200]
2023-11-13 10:44:53 - INFO - [sell_stock_by_condition:203] - 카카오 현재가 [45400 * 6] / 매도목표가 [47183] / 평가손익금액 [-4200]
2023-11-13 10:44:53 - INFO - [sell_stock_by_condition:203] - 한화 현재가 [24350 * 12] / 매도목표가 [25033] / 평가손익금액 [-2300]
2023-11-13 10:44:53 - INFO - [sell_stock_by_condition:203] - CJ CGV 현재가 [5620 * 52] / 매도목표가 [5809] / 평가손익금액 [-6240]
2023-11-13 10:44:53 - INFO - [sell_stock_by_condition:203] - 롯데지주 현재가 [29300 * 20] / 매도목표가 [30132] / 평가손익금액 [23500]
2023-11-13 10:44:53 - INFO - [sell_stock_by_condition:203] - 두산로보틱스 현재가 [44800 * 12] / 매도목표가 [49037] / 평가손익금액 [-28500]
2023-11-13 10:44:54 - INFO - [sell_stock_by_condition:203] - 하이닉스 현재가 [132500 * 4] / 매도목표가 [137016] / 평가손익금액 [10200]
2023-11-13 10:44:54 - INFO - [sell_stock_by_condition:203] - 카카오 현재가 [45400 * 6] / 매도목표가 [47183] / 평가손익금액 [-4200]
2023-11-13 10:44:54 - INFO - [sell_stock_by_condition:203] - 한화 현재가 [24350 * 12] / 매도목표가 [25033] / 평가손익금액 [-2300]
2023-11-13 10:44:54 - INFO - [sell_stock_by_condition:203] - CJ CGV 현재가 [5620 * 52] / 매도목표가 [5809] / 평가손익금액 [-6240]
2023-11-13 10:44:54 - INFO - [sell_stock_by_condition:203] - 롯데지주 현재가 [29300 * 20] / 매도목표가 [30132] / 평가손익금액 [23500]
2023-11-13 10:44:54 - INFO - [sell_stock_by_condition:203] - 두산로보틱스 현재가 [44800 * 12] / 매도목표가 [49037] / 평가손익금액 [-28500]
2023-11-13 10:44:56 - INFO - [sell_stock_by_condition:203] - 하이닉스 현재가 [132500 * 4] / 매도목표가 [137016] / 평가손익금액 [10200]
2023-11-13 10:44:56 - INFO - [sell_stock_by_condition:203] - 카카오 현재가 [45450 * 6] / 매도목표가 [47183] / 평가손익금액 [-3900]
2023-11-13 10:44:56 - INFO - [sell_stock_by_condition:203] - 한화 현재가 [24350 * 12] / 매도목표가 [25033] / 평가손익금액 [-2300]
2023-11-13 10:44:56 - INFO - [sell_stock_by_condition:203] - CJ CGV 현재가 [5620 * 52] / 매도목표가 [5809] / 평가손익금액 [-6240]
2023-11-13 10:44:56 - INFO - [sell_stock_by_condition:203] - 롯데지주 현재가 [29300 * 20] / 매도목표가 [30132] / 평가손익금액 [23500]
2023-11-13 10:44:56 - INFO - [sell_stock_by_condition:203] - 두산로보틱스 현재가 [44800 * 12] / 매도목표가 [49037] / 평가손익금액 [-28500]
2023-11-13 10:44:57 - INFO - [sell_stock_by_condition:203] - 하이닉스 현재가 [132600 * 4] / 매도목표가 [137016] / 평가손익금액 [10600]
2023-11-13 10:44:57 - INFO - [sell_stock_by_condition:203] - 카카오 현재가 [45450 * 6] / 매도목표가 [47183] / 평가손익금액 [-3900]
2023-11-13 10:44:57 - INFO - [sell_stock_by_condition:203] - 한화 현재가 [24350 * 12] / 매도목표가 [25033] / 평가손익금액 [-2300]
2023-11-13 10:44:57 - INFO - [sell_stock_by_condition:203] - CJ CGV 현재가 [5620 * 52] / 매도목표가 [5809] / 평가손익금액 [-6240]
2023-11-13 10:44:57 - INFO - [sell_stock_by_condition:203] - 롯데지주 현재가 [29300 * 20] / 매도목표가 [30132] / 평가손익금액 [23500]
2023-11-13 10:44:57 - INFO - [sell_stock_by_condition:203] - 두산로보틱스 현재가 [44800 * 12] / 매도목표가 [49037] / 평가손익금액 [-28500]
2023-11-13 10:44:58 - INFO - [sell_stock_by_condition:203] - 하이닉스 현재가 [132600 * 4] / 매도목표가 [137016] / 평가손익금액 [10600]
2023-11-13 10:44:58 - INFO - [sell_stock_by_condition:203] - 카카오 현재가 [45450 * 6] / 매도목표가 [47183] / 평가손익금액 [-3900]
2023-11-13 10:44:58 - INFO - [sell_stock_by_condition:203] - 한화 현재가 [24350 * 12] / 매도목표가 [25033] / 평가손익금액 [-2300]
2023-11-13 10:44:58 - INFO - [sell_stock_by_condition:203] - CJ CGV 현재가 [5620 * 52] / 매도목표가 [5809] / 평가손익금액 [-6240]
2023-11-13 10:44:58 - INFO - [sell_stock_by_condition:203] - 롯데지주 현재가 [29300 * 20] / 매도목표가 [30132] / 평가손익금액 [23500]
2023-11-13 10:44:58 - INFO - [sell_stock_by_condition:203] - 두산로보틱스 현재가 [44750 * 12] / 매도목표가 [49037] / 평가손익금액 [-29100]
2023-11-13 10:44:59 - INFO - [sell_stock_by_condition:203] - 하이닉스 현재가 [132600 * 4] / 매도목표가 [137016] / 평가손익금액 [10600]
2023-11-13 10:44:59 - INFO - [sell_stock_by_condition:203] - 카카오 현재가 [45400 * 6] / 매도목표가 [47183] / 평가손익금액 [-4200]
2023-11-13 10:44:59 - INFO - [sell_stock_by_condition:203] - 한화 현재가 [24350 * 12] / 매도목표가 [25033] / 평가손익금액 [-2300]
2023-11-13 10:44:59 - INFO - [sell_stock_by_condition:203] - CJ CGV 현재가 [5620 * 52] / 매도목표가 [5809] / 평가손익금액 [-6240]
2023-11-13 10:44:59 - INFO - [sell_stock_by_condition:203] - 롯데지주 현재가 [29300 * 20] / 매도목표가 [30132] / 평가손익금액 [23500]
2023-11-13 10:44:59 - INFO - [sell_stock_by_condition:203] - 두산로보틱스 현재가 [44750 * 12] / 매도목표가 [49037] / 평가손익금액 [-29100]
2023-11-13 10:45:01 - INFO - [sell_stock_by_condition:203] - 하이닉스 현재가 [132600 * 4] / 매도목표가 [137016] / 평가손익금액 [10600]
2023-11-13 10:45:01 - INFO - [sell_stock_by_condition:203] - 카카오 현재가 [45400 * 6] / 매도목표가 [47183] / 평가손익금액 [-4200]
2023-11-13 10:45:01 - INFO - [sell_stock_by_condition:203] - 한화 현재가 [24350 * 12] / 매도목표가 [25033] / 평가손익금액 [-2300]
2023-11-13 10:45:01 - INFO - [sell_stock_by_condition:203] - CJ CGV 현재가 [5620 * 52] / 매도목표가 [5809] / 평가손익금액 [-6240]
2023-11-13 10:45:01 - INFO - [sell_stock_by_condition:203] - 롯데지주 현재가 [29300 * 20] / 매도목표가 [30132] / 평가손익금액 [23500]
2023-11-13 10:45:01 - INFO - [sell_stock_by_condition:203] - 두산로보틱스 현재가 [44750 * 12] / 매도목표가 [49037] / 평가손익금액 [-29100]
2023-11-13 10:45:04 - INFO - [sell_stock_by_condition:203] - 하이닉스 현재가 [132500 * 4] / 매도목표가 [137016] / 평가손익금액 [10200]
2023-11-13 10:45:04 - INFO - [sell_stock_by_condition:203] - 카카오 현재가 [45450 * 6] / 매도목표가 [47183] / 평가손익금액 [-3900]
2023-11-13 10:45:04 - INFO - [sell_stock_by_condition:203] - 한화 현재가 [24350 * 12] / 매도목표가 [25033] / 평가손익금액 [-2300]
2023-11-13 10:45:04 - INFO - [sell_stock_by_condition:203] - CJ CGV 현재가 [5620 * 52] / 매도목표가 [5809] / 평가손익금액 [-6240]
2023-11-13 10:45:04 - INFO - [sell_stock_by_condition:203] - 롯데지주 현재가 [29250 * 20] / 매도목표가 [30132] / 평가손익금액 [22500]
2023-11-13 10:45:04 - INFO - [sell_stock_by_condition:203] - 두산로보틱스 현재가 [44750 * 12] / 매도목표가 [49037] / 평가손익금액 [-29100]
